0 info it worked if it ends with ok
1 verbose cli [ '/usr/bin/node', '/bin/npm', 'install', '-g', 'npm' ]
2 info using npm@6.4.1
3 info using node@v10.15.1
4 verbose npm-session 737af7c1c3107e7d
5 silly install loadCurrentTree
6 silly install readGlobalPackageData
7 http fetch GET 200 https://registry.npmjs.org/npm 205ms
8 silly pacote tag manifest for npm@latest fetched in 248ms
9 timing stage:loadCurrentTree Completed in 1143ms
10 silly install loadIdealTree
11 silly install cloneCurrentTreeToIdealTree
12 timing stage:loadIdealTree:cloneCurrentTree Completed in 5ms
13 silly install loadShrinkwrap
14 timing stage:loadIdealTree:loadShrinkwrap Completed in 138ms
15 silly install loadAllDepsIntoIdealTree
16 silly resolveWithNewModule npm@6.9.0 checking installable status
17 silly tarball trying https://registry.npmjs.org/npm/-/npm-6.9.0.tgz by hash: sha512-91V+zB5hDxO+Jyp2sUKS7juHlIM95dGQxTeQtmZI1nAI/7kjWXFipPrtwwKjhyKmV4GsS2LzJhrxRjGWsU9z/w==
18 silly tarball no local data for https://registry.npmjs.org/npm/-/npm-6.9.0.tgz. Extracting by manifest.
19 http fetch GET 200 https://registry.npmjs.org/npm/-/npm-6.9.0.tgz 1053ms
20 silly extract https://registry.npmjs.org/npm/-/npm-6.9.0.tgz extracted to /tmp/npm-27797-100d2b3d/unpack-d3abdb1d (1068ms)
21 silly addBundled read tarball
22 silly cleanup remove extracted module
23 silly removeObsoleteDep removing npm@6.4.1 from the tree as its been replaced by a newer version or is no longer required
24 silly removeObsoleteDep removing JSONStream@1.3.4 from the tree as its been replaced by a newer version or is no longer required
25 silly removeObsoleteDep removing jsonparse@1.3.1 from the tree as its been replaced by a newer version or is no longer required
26 silly removeObsoleteDep removing through@2.3.8 from the tree as its been replaced by a newer version or is no longer required
27 silly removeObsoleteDep removing ansicolors@0.3.2 from the tree as its been replaced by a newer version or is no longer required
28 silly removeObsoleteDep removing ansistyles@0.1.3 from the tree as its been replaced by a newer version or is no longer required
29 silly removeObsoleteDep removing archy@1.0.0 from the tree as its been replaced by a newer version or is no longer required
30 silly removeObsoleteDep removing byte-size@4.0.3 from the tree as its been replaced by a newer version or is no longer required
31 silly removeObsoleteDep removing call-limit@1.1.0 from the tree as its been replaced by a newer version or is no longer required
32 silly removeObsoleteDep removing cli-columns@3.1.2 from the tree as its been replaced by a newer version or is no longer required
33 silly removeObsoleteDep removing columnify@1.5.4 from the tree as its been replaced by a newer version or is no longer required
34 silly removeObsoleteDep removing wcwidth@1.0.1 from the tree as its been replaced by a newer version or is no longer required
35 silly removeObsoleteDep removing defaults@1.0.3 from the tree as its been replaced by a newer version or is no longer required
36 silly removeObsoleteDep removing clone@1.0.4 from the tree as its been replaced by a newer version or is no longer required
37 silly removeObsoleteDep removing config-chain@1.1.11 from the tree as its been replaced by a newer version or is no longer required
38 silly removeObsoleteDep removing proto-list@1.2.4 from the tree as its been replaced by a newer version or is no longer required
39 silly removeObsoleteDep removing detect-indent@5.0.0 from the tree as its been replaced by a newer version or is no longer required
40 silly removeObsoleteDep removing detect-newline@2.1.0 from the tree as its been replaced by a newer version or is no longer required
41 silly removeObsoleteDep removing editor@1.0.0 from the tree as its been replaced by a newer version or is no longer required
42 silly removeObsoleteDep removing iferr@1.0.2 from the tree as its been replaced by a newer version or is no longer required
43 silly removeObsoleteDep removing init-package-json@1.10.3 from the tree as its been replaced by a newer version or is no longer required
44 silly removeObsoleteDep removing promzard@0.3.0 from the tree as its been replaced by a newer version or is no longer required
45 silly removeObsoleteDep removing is-cidr@2.0.6 from the tree as its been replaced by a newer version or is no longer required
46 silly removeObsoleteDep removing cidr-regex@2.0.9 from the tree as its been replaced by a newer version or is no longer required
47 silly removeObsoleteDep removing ip-regex@2.1.0 from the tree as its been replaced by a newer version or is no longer required
48 silly removeObsoleteDep removing lazy-property@1.0.0 from the tree as its been replaced by a newer version or is no longer required
49 silly removeObsoleteDep removing libcipm@2.0.2 from the tree as its been replaced by a newer version or is no longer required
50 silly removeObsoleteDep removing bin-links@1.1.2 from the tree as its been replaced by a newer version or is no longer required
51 silly removeObsoleteDep removing cmd-shim@2.0.2 from the tree as its been replaced by a newer version or is no longer required
52 silly removeObsoleteDep removing gentle-fs@2.0.1 from the tree as its been replaced by a newer version or is no longer required
53 silly removeObsoleteDep removing fs-vacuum@1.2.10 from the tree as its been replaced by a newer version or is no longer required
54 silly removeObsoleteDep removing iferr@0.1.5 from the tree as its been replaced by a newer version or is no longer required
55 silly removeObsoleteDep removing find-npm-prefix@1.0.2 from the tree as its been replaced by a newer version or is no longer required
56 silly removeObsoleteDep removing npm-logical-tree@1.2.1 from the tree as its been replaced by a newer version or is no longer required
57 silly removeObsoleteDep removing libnpmhook@4.0.1 from the tree as its been replaced by a newer version or is no longer required
58 silly removeObsoleteDep removing npm-registry-fetch@3.1.1 from the tree as its been replaced by a newer version or is no longer required
59 silly removeObsoleteDep removing libnpx@10.2.0 from the tree as its been replaced by a newer version or is no longer required
60 silly removeObsoleteDep removing dotenv@5.0.1 from the tree as its been replaced by a newer version or is no longer required
61 silly removeObsoleteDep removing yargs@11.0.0 from the tree as its been replaced by a newer version or is no longer required
62 silly removeObsoleteDep removing cliui@4.1.0 from the tree as its been replaced by a newer version or is no longer required
63 silly removeObsoleteDep removing strip-ansi@4.0.0 from the tree as its been replaced by a newer version or is no longer required
64 silly removeObsoleteDep removing ansi-regex@3.0.0 from the tree as its been replaced by a newer version or is no longer required
65 silly removeObsoleteDep removing wrap-ansi@2.1.0 from the tree as its been replaced by a newer version or is no longer required
66 silly removeObsoleteDep removing string-width@1.0.2 from the tree as its been replaced by a newer version or is no longer required
67 silly removeObsoleteDep removing decamelize@1.2.0 from the tree as its been replaced by a newer version or is no longer required
68 silly removeObsoleteDep removing find-up@2.1.0 from the tree as its been replaced by a newer version or is no longer required
69 silly removeObsoleteDep removing locate-path@2.0.0 from the tree as its been replaced by a newer version or is no longer required
70 silly removeObsoleteDep removing p-locate@2.0.0 from the tree as its been replaced by a newer version or is no longer required
71 silly removeObsoleteDep removing p-limit@1.2.0 from the tree as its been replaced by a newer version or is no longer required
72 silly removeObsoleteDep removing p-try@1.0.0 from the tree as its been replaced by a newer version or is no longer required
73 silly removeObsoleteDep removing path-exists@3.0.0 from the tree as its been replaced by a newer version or is no longer required
74 silly removeObsoleteDep removing get-caller-file@1.0.2 from the tree as its been replaced by a newer version or is no longer required
75 silly removeObsoleteDep removing os-locale@2.1.0 from the tree as its been replaced by a newer version or is no longer required
76 silly removeObsoleteDep removing lcid@1.0.0 from the tree as its been replaced by a newer version or is no longer required
77 silly removeObsoleteDep removing invert-kv@1.0.0 from the tree as its been replaced by a newer version or is no longer required
78 silly removeObsoleteDep removing mem@1.1.0 from the tree as its been replaced by a newer version or is no longer required
79 silly removeObsoleteDep removing mimic-fn@1.2.0 from the tree as its been replaced by a newer version or is no longer required
80 silly removeObsoleteDep removing require-directory@2.1.1 from the tree as its been replaced by a newer version or is no longer required
81 silly removeObsoleteDep removing require-main-filename@1.0.1 from the tree as its been replaced by a newer version or is no longer required
82 silly removeObsoleteDep removing which-module@2.0.0 from the tree as its been replaced by a newer version or is no longer required
83 silly removeObsoleteDep removing y18n@3.2.1 from the tree as its been replaced by a newer version or is no longer required
84 silly removeObsoleteDep removing yargs-parser@9.0.2 from the tree as its been replaced by a newer version or is no longer required
85 silly removeObsoleteDep removing lock-verify@2.0.2 from the tree as its been replaced by a newer version or is no longer required
86 silly removeObsoleteDep removing lockfile@1.0.4 from the tree as its been replaced by a newer version or is no longer required
87 silly removeObsoleteDep removing lodash._baseuniq@4.6.0 from the tree as its been replaced by a newer version or is no longer required
88 silly removeObsoleteDep removing lodash._createset@4.0.3 from the tree as its been replaced by a newer version or is no longer required
89 silly removeObsoleteDep removing lodash._root@3.0.1 from the tree as its been replaced by a newer version or is no longer required
90 silly removeObsoleteDep removing lodash.clonedeep@4.5.0 from the tree as its been replaced by a newer version or is no longer required
91 silly removeObsoleteDep removing lodash.union@4.6.0 from the tree as its been replaced by a newer version or is no longer required
92 silly removeObsoleteDep removing lodash.uniq@4.5.0 from the tree as its been replaced by a newer version or is no longer required
93 silly removeObsoleteDep removing lodash.without@4.4.0 from the tree as its been replaced by a newer version or is no longer required
94 silly removeObsoleteDep removing meant@1.0.1 from the tree as its been replaced by a newer version or is no longer required
95 silly removeObsoleteDep removing nopt@4.0.1 from the tree as its been replaced by a newer version or is no longer required
96 silly removeObsoleteDep removing npm-audit-report@1.3.1 from the tree as its been replaced by a newer version or is no longer required
97 silly removeObsoleteDep removing cli-table3@0.5.0 from the tree as its been replaced by a newer version or is no longer required
98 silly removeObsoleteDep removing colors@1.1.2 from the tree as its been replaced by a newer version or is no longer required
99 silly removeObsoleteDep removing npm-cache-filename@1.0.2 from the tree as its been replaced by a newer version or is no longer required
100 silly removeObsoleteDep removing npm-install-checks@3.0.0 from the tree as its been replaced by a newer version or is no longer required
101 silly removeObsoleteDep removing npm-lifecycle@2.1.0 from the tree as its been replaced by a newer version or is no longer required
102 silly removeObsoleteDep removing byline@5.0.0 from the tree as its been replaced by a newer version or is no longer required
103 silly removeObsoleteDep removing node-gyp@3.8.0 from the tree as its been replaced by a newer version or is no longer required
104 silly removeObsoleteDep removing fstream@1.0.11 from the tree as its been replaced by a newer version or is no longer required
105 silly removeObsoleteDep removing nopt@3.0.6 from the tree as its been replaced by a newer version or is no longer required
106 silly removeObsoleteDep removing abbrev@1.1.1 from the tree as its been replaced by a newer version or is no longer required
107 silly removeObsoleteDep removing semver@5.3.0 from the tree as its been replaced by a newer version or is no longer required
108 silly removeObsoleteDep removing tar@2.2.1 from the tree as its been replaced by a newer version or is no longer required
109 silly removeObsoleteDep removing block-stream@0.0.9 from the tree as its been replaced by a newer version or is no longer required
110 silly removeObsoleteDep removing resolve-from@4.0.0 from the tree as its been replaced by a newer version or is no longer required
111 silly removeObsoleteDep removing npm-profile@3.0.2 from the tree as its been replaced by a newer version or is no longer required
112 silly removeObsoleteDep removing npm-registry-client@8.6.0 from the tree as its been replaced by a newer version or is no longer required
113 silly removeObsoleteDep removing retry@0.10.1 from the tree as its been replaced by a newer version or is no longer required
114 silly removeObsoleteDep removing ssri@5.3.0 from the tree as its been replaced by a newer version or is no longer required
115 silly removeObsoleteDep removing npm-registry-fetch@1.1.0 from the tree as its been replaced by a newer version or is no longer required
116 silly removeObsoleteDep removing figgy-pudding@2.0.1 from the tree as its been replaced by a newer version or is no longer required
117 silly removeObsoleteDep removing make-fetch-happen@3.0.0 from the tree as its been replaced by a newer version or is no longer required
118 silly removeObsoleteDep removing cacache@10.0.4 from the tree as its been replaced by a newer version or is no longer required
119 silly removeObsoleteDep removing mississippi@2.0.0 from the tree as its been replaced by a newer version or is no longer required
120 silly removeObsoleteDep removing pump@2.0.1 from the tree as its been replaced by a newer version or is no longer required
121 silly removeObsoleteDep removing ssri@5.3.0 from the tree as its been replaced by a newer version or is no longer required
122 silly removeObsoleteDep removing socks-proxy-agent@3.0.1 from the tree as its been replaced by a newer version or is no longer required
123 silly removeObsoleteDep removing socks@1.1.10 from the tree as its been replaced by a newer version or is no longer required
124 silly removeObsoleteDep removing smart-buffer@1.1.15 from the tree as its been replaced by a newer version or is no longer required
125 silly removeObsoleteDep removing npm-user-validate@1.0.0 from the tree as its been replaced by a newer version or is no longer required
126 silly removeObsoleteDep removing npmlog@4.1.2 from the tree as its been replaced by a newer version or is no longer required
127 silly removeObsoleteDep removing are-we-there-yet@1.1.4 from the tree as its been replaced by a newer version or is no longer required
128 silly removeObsoleteDep removing delegates@1.0.0 from the tree as its been replaced by a newer version or is no longer required
129 silly removeObsoleteDep removing console-control-strings@1.1.0 from the tree as its been replaced by a newer version or is no longer required
130 silly removeObsoleteDep removing gauge@2.7.4 from the tree as its been replaced by a newer version or is no longer required
131 silly removeObsoleteDep removing has-unicode@2.0.1 from the tree as its been replaced by a newer version or is no longer required
132 silly removeObsoleteDep removing object-assign@4.1.1 from the tree as its been replaced by a newer version or is no longer required
133 silly removeObsoleteDep removing string-width@1.0.2 from the tree as its been replaced by a newer version or is no longer required
134 silly removeObsoleteDep removing code-point-at@1.1.0 from the tree as its been replaced by a newer version or is no longer required
135 silly removeObsoleteDep removing is-fullwidth-code-point@1.0.0 from the tree as its been replaced by a newer version or is no longer required
136 silly removeObsoleteDep removing number-is-nan@1.0.1 from the tree as its been replaced by a newer version or is no longer required
137 silly removeObsoleteDep removing strip-ansi@3.0.1 from the tree as its been replaced by a newer version or is no longer required
138 silly removeObsoleteDep removing ansi-regex@2.1.1 from the tree as its been replaced by a newer version or is no longer required
139 silly removeObsoleteDep removing wide-align@1.1.2 from the tree as its been replaced by a newer version or is no longer required
140 silly removeObsoleteDep removing string-width@1.0.2 from the tree as its been replaced by a newer version or is no longer required
141 silly removeObsoleteDep removing set-blocking@2.0.0 from the tree as its been replaced by a newer version or is no longer required
142 silly removeObsoleteDep removing opener@1.5.0 from the tree as its been replaced by a newer version or is no longer required
143 silly removeObsoleteDep removing pacote@8.1.6 from the tree as its been replaced by a newer version or is no longer required
144 silly removeObsoleteDep removing bluebird@3.5.1 from the tree as its been replaced by a newer version or is no longer required
145 silly removeObsoleteDep removing cacache@11.2.0 from the tree as its been replaced by a newer version or is no longer required
146 silly removeObsoleteDep removing figgy-pudding@3.4.1 from the tree as its been replaced by a newer version or is no longer required
147 silly removeObsoleteDep removing mississippi@3.0.0 from the tree as its been replaced by a newer version or is no longer required
148 silly removeObsoleteDep removing concat-stream@1.6.2 from the tree as its been replaced by a newer version or is no longer required
149 silly removeObsoleteDep removing buffer-from@1.0.0 from the tree as its been replaced by a newer version or is no longer required
150 silly removeObsoleteDep removing typedarray@0.0.6 from the tree as its been replaced by a newer version or is no longer required
151 silly removeObsoleteDep removing duplexify@3.6.0 from the tree as its been replaced by a newer version or is no longer required
152 silly removeObsoleteDep removing end-of-stream@1.4.1 from the tree as its been replaced by a newer version or is no longer required
153 silly removeObsoleteDep removing flush-write-stream@1.0.3 from the tree as its been replaced by a newer version or is no longer required
154 silly removeObsoleteDep removing from2@2.3.0 from the tree as its been replaced by a newer version or is no longer required
155 silly removeObsoleteDep removing parallel-transform@1.1.0 from the tree as its been replaced by a newer version or is no longer required
156 silly removeObsoleteDep removing cyclist@0.2.2 from the tree as its been replaced by a newer version or is no longer required
157 silly removeObsoleteDep removing pump@3.0.0 from the tree as its been replaced by a newer version or is no longer required
158 silly removeObsoleteDep removing pumpify@1.5.1 from the tree as its been replaced by a newer version or is no longer required
159 silly removeObsoleteDep removing pump@2.0.1 from the tree as its been replaced by a newer version or is no longer required
160 silly removeObsoleteDep removing stream-each@1.2.2 from the tree as its been replaced by a newer version or is no longer required
161 silly removeObsoleteDep removing through2@2.0.3 from the tree as its been replaced by a newer version or is no longer required
162 silly removeObsoleteDep removing xtend@4.0.1 from the tree as its been replaced by a newer version or is no longer required
163 silly removeObsoleteDep removing move-concurrently@1.0.1 from the tree as its been replaced by a newer version or is no longer required
164 silly removeObsoleteDep removing aproba@1.2.0 from the tree as its been replaced by a newer version or is no longer required
165 silly removeObsoleteDep removing copy-concurrently@1.0.5 from the tree as its been replaced by a newer version or is no longer required
166 silly removeObsoleteDep removing fs-write-stream-atomic@1.0.10 from the tree as its been replaced by a newer version or is no longer required
167 silly removeObsoleteDep removing iferr@0.1.5 from the tree as its been replaced by a newer version or is no longer required
168 silly removeObsoleteDep removing iferr@0.1.5 from the tree as its been replaced by a newer version or is no longer required
169 silly removeObsoleteDep removing run-queue@1.0.3 from the tree as its been replaced by a newer version or is no longer required
170 silly removeObsoleteDep removing y18n@4.0.0 from the tree as its been replaced by a newer version or is no longer required
171 silly removeObsoleteDep removing make-fetch-happen@4.0.1 from the tree as its been replaced by a newer version or is no longer required
172 silly removeObsoleteDep removing agentkeepalive@3.4.1 from the tree as its been replaced by a newer version or is no longer required
173 silly removeObsoleteDep removing humanize-ms@1.2.1 from the tree as its been replaced by a newer version or is no longer required
174 silly removeObsoleteDep removing ms@2.1.1 from the tree as its been replaced by a newer version or is no longer required
175 silly removeObsoleteDep removing http-cache-semantics@3.8.1 from the tree as its been replaced by a newer version or is no longer required
176 silly removeObsoleteDep removing http-proxy-agent@2.1.0 from the tree as its been replaced by a newer version or is no longer required
177 silly removeObsoleteDep removing agent-base@4.2.0 from the tree as its been replaced by a newer version or is no longer required
178 silly removeObsoleteDep removing es6-promisify@5.0.0 from the tree as its been replaced by a newer version or is no longer required
179 silly removeObsoleteDep removing es6-promise@4.2.4 from the tree as its been replaced by a newer version or is no longer required
180 silly removeObsoleteDep removing debug@3.1.0 from the tree as its been replaced by a newer version or is no longer required
181 silly removeObsoleteDep removing ms@2.0.0 from the tree as its been replaced by a newer version or is no longer required
182 silly removeObsoleteDep removing https-proxy-agent@2.2.1 from the tree as its been replaced by a newer version or is no longer required
183 silly removeObsoleteDep removing node-fetch-npm@2.0.2 from the tree as its been replaced by a newer version or is no longer required
184 silly removeObsoleteDep removing encoding@0.1.12 from the tree as its been replaced by a newer version or is no longer required
185 silly removeObsoleteDep removing iconv-lite@0.4.23 from the tree as its been replaced by a newer version or is no longer required
186 silly removeObsoleteDep removing promise-retry@1.1.1 from the tree as its been replaced by a newer version or is no longer required
187 silly removeObsoleteDep removing err-code@1.1.2 from the tree as its been replaced by a newer version or is no longer required
188 silly removeObsoleteDep removing retry@0.10.1 from the tree as its been replaced by a newer version or is no longer required
189 silly removeObsoleteDep removing socks-proxy-agent@4.0.1 from the tree as its been replaced by a newer version or is no longer required
190 silly removeObsoleteDep removing socks@2.2.0 from the tree as its been replaced by a newer version or is no longer required
191 silly removeObsoleteDep removing ip@1.1.5 from the tree as its been replaced by a newer version or is no longer required
192 silly removeObsoleteDep removing smart-buffer@4.0.1 from the tree as its been replaced by a newer version or is no longer required
193 silly removeObsoleteDep removing npm-package-arg@6.1.0 from the tree as its been replaced by a newer version or is no longer required
194 silly removeObsoleteDep removing osenv@0.1.5 from the tree as its been replaced by a newer version or is no longer required
195 silly removeObsoleteDep removing os-homedir@1.0.2 from the tree as its been replaced by a newer version or is no longer required
196 silly removeObsoleteDep removing os-tmpdir@1.0.2 from the tree as its been replaced by a newer version or is no longer required
197 silly removeObsoleteDep removing npm-packlist@1.1.11 from the tree as its been replaced by a newer version or is no longer required
198 silly removeObsoleteDep removing ignore-walk@3.0.1 from the tree as its been replaced by a newer version or is no longer required
199 silly removeObsoleteDep removing npm-bundled@1.0.5 from the tree as its been replaced by a newer version or is no longer required
200 silly removeObsoleteDep removing npm-pick-manifest@2.1.0 from the tree as its been replaced by a newer version or is no longer required
201 silly removeObsoleteDep removing protoduck@5.0.0 from the tree as its been replaced by a newer version or is no longer required
202 silly removeObsoleteDep removing genfun@4.0.1 from the tree as its been replaced by a newer version or is no longer required
203 silly removeObsoleteDep removing promise-inflight@1.0.1 from the tree as its been replaced by a newer version or is no longer required
204 silly removeObsoleteDep removing qrcode-terminal@0.12.0 from the tree as its been replaced by a newer version or is no longer required
205 silly removeObsoleteDep removing query-string@6.1.0 from the tree as its been replaced by a newer version or is no longer required
206 silly removeObsoleteDep removing decode-uri-component@0.2.0 from the tree as its been replaced by a newer version or is no longer required
207 silly removeObsoleteDep removing strict-uri-encode@2.0.0 from the tree as its been replaced by a newer version or is no longer required
208 silly removeObsoleteDep removing qw@1.0.1 from the tree as its been replaced by a newer version or is no longer required
209 silly removeObsoleteDep removing read@1.0.7 from the tree as its been replaced by a newer version or is no longer required
210 silly removeObsoleteDep removing mute-stream@0.0.7 from the tree as its been replaced by a newer version or is no longer required
211 silly removeObsoleteDep removing read-cmd-shim@1.0.1 from the tree as its been replaced by a newer version or is no longer required
212 silly removeObsoleteDep removing read-installed@4.0.3 from the tree as its been replaced by a newer version or is no longer required
213 silly removeObsoleteDep removing util-extend@1.0.3 from the tree as its been replaced by a newer version or is no longer required
214 silly removeObsoleteDep removing read-package-tree@5.2.1 from the tree as its been replaced by a newer version or is no longer required
215 silly removeObsoleteDep removing read-package-json@2.0.13 from the tree as its been replaced by a newer version or is no longer required
216 silly removeObsoleteDep removing json-parse-better-errors@1.0.2 from the tree as its been replaced by a newer version or is no longer required
217 silly removeObsoleteDep removing normalize-package-data@2.4.0 from the tree as its been replaced by a newer version or is no longer required
218 silly removeObsoleteDep removing hosted-git-info@2.7.1 from the tree as its been replaced by a newer version or is no longer required
219 silly removeObsoleteDep removing is-builtin-module@1.0.0 from the tree as its been replaced by a newer version or is no longer required
220 silly removeObsoleteDep removing builtin-modules@1.1.1 from the tree as its been replaced by a newer version or is no longer required
221 silly removeObsoleteDep removing slash@1.0.0 from the tree as its been replaced by a newer version or is no longer required
222 silly removeObsoleteDep removing request@2.88.0 from the tree as its been replaced by a newer version or is no longer required
223 silly removeObsoleteDep removing aws-sign2@0.7.0 from the tree as its been replaced by a newer version or is no longer required
224 silly removeObsoleteDep removing aws4@1.8.0 from the tree as its been replaced by a newer version or is no longer required
225 silly removeObsoleteDep removing caseless@0.12.0 from the tree as its been replaced by a newer version or is no longer required
226 silly removeObsoleteDep removing combined-stream@1.0.6 from the tree as its been replaced by a newer version or is no longer required
227 silly removeObsoleteDep removing delayed-stream@1.0.0 from the tree as its been replaced by a newer version or is no longer required
228 silly removeObsoleteDep removing extend@3.0.2 from the tree as its been replaced by a newer version or is no longer required
229 silly removeObsoleteDep removing forever-agent@0.6.1 from the tree as its been replaced by a newer version or is no longer required
230 silly removeObsoleteDep removing form-data@2.3.2 from the tree as its been replaced by a newer version or is no longer required
231 silly removeObsoleteDep removing asynckit@0.4.0 from the tree as its been replaced by a newer version or is no longer required
232 silly removeObsoleteDep removing mime-types@2.1.19 from the tree as its been replaced by a newer version or is no longer required
233 silly removeObsoleteDep removing mime-db@1.35.0 from the tree as its been replaced by a newer version or is no longer required
234 silly removeObsoleteDep removing har-validator@5.1.0 from the tree as its been replaced by a newer version or is no longer required
235 silly removeObsoleteDep removing ajv@5.5.2 from the tree as its been replaced by a newer version or is no longer required
236 silly removeObsoleteDep removing co@4.6.0 from the tree as its been replaced by a newer version or is no longer required
237 silly removeObsoleteDep removing fast-deep-equal@1.1.0 from the tree as its been replaced by a newer version or is no longer required
238 silly removeObsoleteDep removing fast-json-stable-stringify@2.0.0 from the tree as its been replaced by a newer version or is no longer required
239 silly removeObsoleteDep removing json-schema-traverse@0.3.1 from the tree as its been replaced by a newer version or is no longer required
240 silly removeObsoleteDep removing har-schema@2.0.0 from the tree as its been replaced by a newer version or is no longer required
241 silly removeObsoleteDep removing http-signature@1.2.0 from the tree as its been replaced by a newer version or is no longer required
242 silly removeObsoleteDep removing assert-plus@1.0.0 from the tree as its been replaced by a newer version or is no longer required
243 silly removeObsoleteDep removing jsprim@1.4.1 from the tree as its been replaced by a newer version or is no longer required
244 silly removeObsoleteDep removing extsprintf@1.3.0 from the tree as its been replaced by a newer version or is no longer required
245 silly removeObsoleteDep removing json-schema@0.2.3 from the tree as its been replaced by a newer version or is no longer required
246 silly removeObsoleteDep removing verror@1.10.0 from the tree as its been replaced by a newer version or is no longer required
247 silly removeObsoleteDep removing sshpk@1.14.2 from the tree as its been replaced by a newer version or is no longer required
248 silly removeObsoleteDep removing asn1@0.2.4 from the tree as its been replaced by a newer version or is no longer required
249 silly removeObsoleteDep removing safer-buffer@2.1.2 from the tree as its been replaced by a newer version or is no longer required
250 silly removeObsoleteDep removing bcrypt-pbkdf@1.0.2 from the tree as its been replaced by a newer version or is no longer required
251 silly removeObsoleteDep removing tweetnacl@0.14.5 from the tree as its been replaced by a newer version or is no longer required
252 silly removeObsoleteDep removing dashdash@1.14.1 from the tree as its been replaced by a newer version or is no longer required
253 silly removeObsoleteDep removing ecc-jsbn@0.1.2 from the tree as its been replaced by a newer version or is no longer required
254 silly removeObsoleteDep removing jsbn@0.1.1 from the tree as its been replaced by a newer version or is no longer required
255 silly removeObsoleteDep removing getpass@0.1.7 from the tree as its been replaced by a newer version or is no longer required
256 silly removeObsoleteDep removing is-typedarray@1.0.0 from the tree as its been replaced by a newer version or is no longer required
257 silly removeObsoleteDep removing isstream@0.1.2 from the tree as its been replaced by a newer version or is no longer required
258 silly removeObsoleteDep removing json-stringify-safe@5.0.1 from the tree as its been replaced by a newer version or is no longer required
259 silly removeObsoleteDep removing oauth-sign@0.9.0 from the tree as its been replaced by a newer version or is no longer required
260 silly removeObsoleteDep removing performance-now@2.1.0 from the tree as its been replaced by a newer version or is no longer required
261 silly removeObsoleteDep removing qs@6.5.2 from the tree as its been replaced by a newer version or is no longer required
262 silly removeObsoleteDep removing tough-cookie@2.4.3 from the tree as its been replaced by a newer version or is no longer required
263 silly removeObsoleteDep removing psl@1.1.29 from the tree as its been replaced by a newer version or is no longer required
264 silly removeObsoleteDep removing punycode@1.4.1 from the tree as its been replaced by a newer version or is no longer required
265 silly removeObsoleteDep removing tunnel-agent@0.6.0 from the tree as its been replaced by a newer version or is no longer required
266 silly removeObsoleteDep removing retry@0.12.0 from the tree as its been replaced by a newer version or is no longer required
267 silly removeObsoleteDep removing rimraf@2.6.2 from the tree as its been replaced by a newer version or is no longer required
268 silly removeObsoleteDep removing glob@7.1.2 from the tree as its been replaced by a newer version or is no longer required
269 silly removeObsoleteDep removing fs.realpath@1.0.0 from the tree as its been replaced by a newer version or is no longer required
270 silly removeObsoleteDep removing inflight@1.0.6 from the tree as its been replaced by a newer version or is no longer required
271 silly removeObsoleteDep removing minimatch@3.0.4 from the tree as its been replaced by a newer version or is no longer required
272 silly removeObsoleteDep removing brace-expansion@1.1.11 from the tree as its been replaced by a newer version or is no longer required
273 silly removeObsoleteDep removing balanced-match@1.0.0 from the tree as its been replaced by a newer version or is no longer required
274 silly removeObsoleteDep removing concat-map@0.0.1 from the tree as its been replaced by a newer version or is no longer required
275 silly removeObsoleteDep removing path-is-absolute@1.0.1 from the tree as its been replaced by a newer version or is no longer required
276 silly removeObsoleteDep removing sha@2.0.1 from the tree as its been replaced by a newer version or is no longer required
277 silly removeObsoleteDep removing slide@1.1.6 from the tree as its been replaced by a newer version or is no longer required
278 silly removeObsoleteDep removing sorted-object@2.0.1 from the tree as its been replaced by a newer version or is no longer required
279 silly removeObsoleteDep removing sorted-union-stream@2.1.3 from the tree as its been replaced by a newer version or is no longer required
280 silly removeObsoleteDep removing from2@1.3.0 from the tree as its been replaced by a newer version or is no longer required
281 silly removeObsoleteDep removing inherits@2.0.3 from the tree as its been replaced by a newer version or is no longer required
282 silly removeObsoleteDep removing readable-stream@1.1.14 from the tree as its been replaced by a newer version or is no longer required
283 silly removeObsoleteDep removing core-util-is@1.0.2 from the tree as its been replaced by a newer version or is no longer required
284 silly removeObsoleteDep removing isarray@0.0.1 from the tree as its been replaced by a newer version or is no longer required
285 silly removeObsoleteDep removing string_decoder@0.10.31 from the tree as its been replaced by a newer version or is no longer required
286 silly removeObsoleteDep removing stream-iterate@1.2.0 from the tree as its been replaced by a newer version or is no longer required
287 silly removeObsoleteDep removing readable-stream@2.3.6 from the tree as its been replaced by a newer version or is no longer required
288 silly removeObsoleteDep removing isarray@1.0.0 from the tree as its been replaced by a newer version or is no longer required
289 silly removeObsoleteDep removing process-nextick-args@2.0.0 from the tree as its been replaced by a newer version or is no longer required
290 silly removeObsoleteDep removing string_decoder@1.1.1 from the tree as its been replaced by a newer version or is no longer required
291 silly removeObsoleteDep removing util-deprecate@1.0.2 from the tree as its been replaced by a newer version or is no longer required
292 silly removeObsoleteDep removing stream-shift@1.0.0 from the tree as its been replaced by a newer version or is no longer required
293 silly removeObsoleteDep removing ssri@6.0.0 from the tree as its been replaced by a newer version or is no longer required
294 silly removeObsoleteDep removing stringify-package@1.0.0 from the tree as its been replaced by a newer version or is no longer required
295 silly removeObsoleteDep removing tar@4.4.6 from the tree as its been replaced by a newer version or is no longer required
296 silly removeObsoleteDep removing chownr@1.0.1 from the tree as its been replaced by a newer version or is no longer required
297 silly removeObsoleteDep removing fs-minipass@1.2.5 from the tree as its been replaced by a newer version or is no longer required
298 silly removeObsoleteDep removing minipass@2.3.3 from the tree as its been replaced by a newer version or is no longer required
299 silly removeObsoleteDep removing yallist@3.0.2 from the tree as its been replaced by a newer version or is no longer required
300 silly removeObsoleteDep removing minizlib@1.1.0 from the tree as its been replaced by a newer version or is no longer required
301 silly removeObsoleteDep removing mkdirp@0.5.1 from the tree as its been replaced by a newer version or is no longer required
302 silly removeObsoleteDep removing minimist@0.0.8 from the tree as its been replaced by a newer version or is no longer required
303 silly removeObsoleteDep removing yallist@3.0.2 from the tree as its been replaced by a newer version or is no longer required
304 silly removeObsoleteDep removing text-table@0.2.0 from the tree as its been replaced by a newer version or is no longer required
305 silly removeObsoleteDep removing tiny-relative-date@1.3.0 from the tree as its been replaced by a newer version or is no longer required
306 silly removeObsoleteDep removing uid-number@0.0.6 from the tree as its been replaced by a newer version or is no longer required
307 silly removeObsoleteDep removing umask@1.1.0 from the tree as its been replaced by a newer version or is no longer required
308 silly removeObsoleteDep removing unique-filename@1.1.0 from the tree as its been replaced by a newer version or is no longer required
309 silly removeObsoleteDep removing unique-slug@2.0.0 from the tree as its been replaced by a newer version or is no longer required
310 silly removeObsoleteDep removing unpipe@1.0.0 from the tree as its been replaced by a newer version or is no longer required
311 silly removeObsoleteDep removing update-notifier@2.5.0 from the tree as its been replaced by a newer version or is no longer required
312 silly removeObsoleteDep removing boxen@1.3.0 from the tree as its been replaced by a newer version or is no longer required
313 silly removeObsoleteDep removing ansi-align@2.0.0 from the tree as its been replaced by a newer version or is no longer required
314 silly removeObsoleteDep removing string-width@2.1.1 from the tree as its been replaced by a newer version or is no longer required
315 silly removeObsoleteDep removing is-fullwidth-code-point@2.0.0 from the tree as its been replaced by a newer version or is no longer required
316 silly removeObsoleteDep removing strip-ansi@4.0.0 from the tree as its been replaced by a newer version or is no longer required
317 silly removeObsoleteDep removing ansi-regex@3.0.0 from the tree as its been replaced by a newer version or is no longer required
318 silly removeObsoleteDep removing camelcase@4.1.0 from the tree as its been replaced by a newer version or is no longer required
319 silly removeObsoleteDep removing chalk@2.4.1 from the tree as its been replaced by a newer version or is no longer required
320 silly removeObsoleteDep removing ansi-styles@3.2.1 from the tree as its been replaced by a newer version or is no longer required
321 silly removeObsoleteDep removing color-convert@1.9.1 from the tree as its been replaced by a newer version or is no longer required
322 silly removeObsoleteDep removing color-name@1.1.3 from the tree as its been replaced by a newer version or is no longer required
323 silly removeObsoleteDep removing escape-string-regexp@1.0.5 from the tree as its been replaced by a newer version or is no longer required
324 silly removeObsoleteDep removing supports-color@5.4.0 from the tree as its been replaced by a newer version or is no longer required
325 silly removeObsoleteDep removing has-flag@3.0.0 from the tree as its been replaced by a newer version or is no longer required
326 silly removeObsoleteDep removing cli-boxes@1.0.0 from the tree as its been replaced by a newer version or is no longer required
327 silly removeObsoleteDep removing term-size@1.2.0 from the tree as its been replaced by a newer version or is no longer required
328 silly removeObsoleteDep removing execa@0.7.0 from the tree as its been replaced by a newer version or is no longer required
329 silly removeObsoleteDep removing cross-spawn@5.1.0 from the tree as its been replaced by a newer version or is no longer required
330 silly removeObsoleteDep removing lru-cache@4.1.3 from the tree as its been replaced by a newer version or is no longer required
331 silly removeObsoleteDep removing pseudomap@1.0.2 from the tree as its been replaced by a newer version or is no longer required
332 silly removeObsoleteDep removing yallist@2.1.2 from the tree as its been replaced by a newer version or is no longer required
333 silly removeObsoleteDep removing shebang-command@1.2.0 from the tree as its been replaced by a newer version or is no longer required
334 silly removeObsoleteDep removing shebang-regex@1.0.0 from the tree as its been replaced by a newer version or is no longer required
335 silly removeObsoleteDep removing get-stream@3.0.0 from the tree as its been replaced by a newer version or is no longer required
336 silly removeObsoleteDep removing is-stream@1.1.0 from the tree as its been replaced by a newer version or is no longer required
337 silly removeObsoleteDep removing npm-run-path@2.0.2 from the tree as its been replaced by a newer version or is no longer required
338 silly removeObsoleteDep removing path-key@2.0.1 from the tree as its been replaced by a newer version or is no longer required
339 silly removeObsoleteDep removing p-finally@1.0.0 from the tree as its been replaced by a newer version or is no longer required
340 silly removeObsoleteDep removing strip-eof@1.0.0 from the tree as its been replaced by a newer version or is no longer required
341 silly removeObsoleteDep removing widest-line@2.0.0 from the tree as its been replaced by a newer version or is no longer required
342 silly removeObsoleteDep removing configstore@3.1.2 from the tree as its been replaced by a newer version or is no longer required
343 silly removeObsoleteDep removing dot-prop@4.2.0 from the tree as its been replaced by a newer version or is no longer required
344 silly removeObsoleteDep removing is-obj@1.0.1 from the tree as its been replaced by a newer version or is no longer required
345 silly removeObsoleteDep removing make-dir@1.3.0 from the tree as its been replaced by a newer version or is no longer required
346 silly removeObsoleteDep removing pify@3.0.0 from the tree as its been replaced by a newer version or is no longer required
347 silly removeObsoleteDep removing unique-string@1.0.0 from the tree as its been replaced by a newer version or is no longer required
348 silly removeObsoleteDep removing crypto-random-string@1.0.0 from the tree as its been replaced by a newer version or is no longer required
349 silly removeObsoleteDep removing xdg-basedir@3.0.0 from the tree as its been replaced by a newer version or is no longer required
350 silly removeObsoleteDep removing import-lazy@2.1.0 from the tree as its been replaced by a newer version or is no longer required
351 silly removeObsoleteDep removing is-ci@1.1.0 from the tree as its been replaced by a newer version or is no longer required
352 silly removeObsoleteDep removing ci-info@1.4.0 from the tree as its been replaced by a newer version or is no longer required
353 silly removeObsoleteDep removing is-installed-globally@0.1.0 from the tree as its been replaced by a newer version or is no longer required
354 silly removeObsoleteDep removing global-dirs@0.1.1 from the tree as its been replaced by a newer version or is no longer required
355 silly removeObsoleteDep removing ini@1.3.5 from the tree as its been replaced by a newer version or is no longer required
356 silly removeObsoleteDep removing is-path-inside@1.0.1 from the tree as its been replaced by a newer version or is no longer required
357 silly removeObsoleteDep removing path-is-inside@1.0.2 from the tree as its been replaced by a newer version or is no longer required
358 silly removeObsoleteDep removing is-npm@1.0.0 from the tree as its been replaced by a newer version or is no longer required
359 silly removeObsoleteDep removing latest-version@3.1.0 from the tree as its been replaced by a newer version or is no longer required
360 silly removeObsoleteDep removing package-json@4.0.1 from the tree as its been replaced by a newer version or is no longer required
361 silly removeObsoleteDep removing got@6.7.1 from the tree as its been replaced by a newer version or is no longer required
362 silly removeObsoleteDep removing create-error-class@3.0.2 from the tree as its been replaced by a newer version or is no longer required
363 silly removeObsoleteDep removing capture-stack-trace@1.0.0 from the tree as its been replaced by a newer version or is no longer required
364 silly removeObsoleteDep removing duplexer3@0.1.4 from the tree as its been replaced by a newer version or is no longer required
365 silly removeObsoleteDep removing is-redirect@1.0.0 from the tree as its been replaced by a newer version or is no longer required
366 silly removeObsoleteDep removing is-retry-allowed@1.1.0 from the tree as its been replaced by a newer version or is no longer required
367 silly removeObsoleteDep removing lowercase-keys@1.0.1 from the tree as its been replaced by a newer version or is no longer required
368 silly removeObsoleteDep removing safe-buffer@5.1.2 from the tree as its been replaced by a newer version or is no longer required
369 silly removeObsoleteDep removing timed-out@4.0.1 from the tree as its been replaced by a newer version or is no longer required
370 silly removeObsoleteDep removing unzip-response@2.0.1 from the tree as its been replaced by a newer version or is no longer required
371 silly removeObsoleteDep removing url-parse-lax@1.0.0 from the tree as its been replaced by a newer version or is no longer required
372 silly removeObsoleteDep removing prepend-http@1.0.4 from the tree as its been replaced by a newer version or is no longer required
373 silly removeObsoleteDep removing registry-auth-token@3.3.2 from the tree as its been replaced by a newer version or is no longer required
374 silly removeObsoleteDep removing rc@1.2.7 from the tree as its been replaced by a newer version or is no longer required
375 silly removeObsoleteDep removing deep-extend@0.5.1 from the tree as its been replaced by a newer version or is no longer required
376 silly removeObsoleteDep removing minimist@1.2.0 from the tree as its been replaced by a newer version or is no longer required
377 silly removeObsoleteDep removing strip-json-comments@2.0.1 from the tree as its been replaced by a newer version or is no longer required
378 silly removeObsoleteDep removing registry-url@3.1.0 from the tree as its been replaced by a newer version or is no longer required
379 silly removeObsoleteDep removing semver@5.5.0 from the tree as its been replaced by a newer version or is no longer required
380 silly removeObsoleteDep removing semver-diff@2.1.0 from the tree as its been replaced by a newer version or is no longer required
381 silly removeObsoleteDep removing uuid@3.3.2 from the tree as its been replaced by a newer version or is no longer required
382 silly removeObsoleteDep removing validate-npm-package-license@3.0.4 from the tree as its been replaced by a newer version or is no longer required
383 silly removeObsoleteDep removing spdx-correct@3.0.0 from the tree as its been replaced by a newer version or is no longer required
384 silly removeObsoleteDep removing spdx-expression-parse@3.0.0 from the tree as its been replaced by a newer version or is no longer required
385 silly removeObsoleteDep removing spdx-exceptions@2.1.0 from the tree as its been replaced by a newer version or is no longer required
386 silly removeObsoleteDep removing spdx-license-ids@3.0.0 from the tree as its been replaced by a newer version or is no longer required
387 silly removeObsoleteDep removing validate-npm-package-name@3.0.0 from the tree as its been replaced by a newer version or is no longer required
388 silly removeObsoleteDep removing builtins@1.0.3 from the tree as its been replaced by a newer version or is no longer required
389 silly removeObsoleteDep removing which@1.3.1 from the tree as its been replaced by a newer version or is no longer required
390 silly removeObsoleteDep removing isexe@2.0.0 from the tree as its been replaced by a newer version or is no longer required
391 silly removeObsoleteDep removing worker-farm@1.6.0 from the tree as its been replaced by a newer version or is no longer required
392 silly removeObsoleteDep removing errno@0.1.7 from the tree as its been replaced by a newer version or is no longer required
393 silly removeObsoleteDep removing prr@1.0.1 from the tree as its been replaced by a newer version or is no longer required
394 silly removeObsoleteDep removing write-file-atomic@2.3.0 from the tree as its been replaced by a newer version or is no longer required
395 silly removeObsoleteDep removing signal-exit@3.0.2 from the tree as its been replaced by a newer version or is no longer required
396 silly removeObsoleteDep removing imurmurhash@0.1.4 from the tree as its been replaced by a newer version or is no longer required
397 silly removeObsoleteDep removing lodash._baseindexof@3.1.0 from the tree as its been replaced by a newer version or is no longer required
398 silly removeObsoleteDep removing lodash._bindcallback@3.0.1 from the tree as its been replaced by a newer version or is no longer required
399 silly removeObsoleteDep removing lodash._cacheindexof@3.0.2 from the tree as its been replaced by a newer version or is no longer required
400 silly removeObsoleteDep removing lodash._createcache@3.1.2 from the tree as its been replaced by a newer version or is no longer required
401 silly removeObsoleteDep removing lodash._getnative@3.9.1 from the tree as its been replaced by a newer version or is no longer required
402 silly removeObsoleteDep removing lodash.restparam@3.6.1 from the tree as its been replaced by a newer version or is no longer required
403 silly removeObsoleteDep removing readdir-scoped-modules@1.0.2 from the tree as its been replaced by a newer version or is no longer required
404 silly removeObsoleteDep removing debuglog@1.0.1 from the tree as its been replaced by a newer version or is no longer required
405 silly removeObsoleteDep removing dezalgo@1.0.3 from the tree as its been replaced by a newer version or is no longer required
406 silly removeObsoleteDep removing asap@2.0.6 from the tree as its been replaced by a newer version or is no longer required
407 silly removeObsoleteDep removing wrappy@1.0.2 from the tree as its been replaced by a newer version or is no longer required
408 silly removeObsoleteDep removing graceful-fs@4.1.11 from the tree as its been replaced by a newer version or is no longer required
409 silly removeObsoleteDep removing once@1.4.0 from the tree as its been replaced by a newer version or is no longer required
410 timing stage:loadIdealTree:loadAllDepsIntoIdealTree Completed in 2199ms
411 timing stage:loadIdealTree Completed in 2500ms
412 silly currentTree lib
412 silly currentTree  npm@6.4.1
412 silly currentTree    abbrev@1.1.1
412 silly currentTree    agent-base@4.2.0
412 silly currentTree    agentkeepalive@3.4.1
412 silly currentTree    ajv@5.5.2
412 silly currentTree    ansi-align@2.0.0
412 silly currentTree    ansi-regex@2.1.1
412 silly currentTree    ansi-styles@3.2.1
412 silly currentTree    ansicolors@0.3.2
412 silly currentTree    ansistyles@0.1.3
412 silly currentTree    aproba@1.2.0
412 silly currentTree    archy@1.0.0
412 silly currentTree    are-we-there-yet@1.1.4
412 silly currentTree    asap@2.0.6
412 silly currentTree    asn1@0.2.4
412 silly currentTree    assert-plus@1.0.0
412 silly currentTree    asynckit@0.4.0
412 silly currentTree    aws-sign2@0.7.0
412 silly currentTree    aws4@1.8.0
412 silly currentTree    balanced-match@1.0.0
412 silly currentTree    bcrypt-pbkdf@1.0.2
412 silly currentTree    bin-links@1.1.2
412 silly currentTree    block-stream@0.0.9
412 silly currentTree    bluebird@3.5.1
412 silly currentTree    boxen@1.3.0
412 silly currentTree    brace-expansion@1.1.11
412 silly currentTree    buffer-from@1.0.0
412 silly currentTree    builtin-modules@1.1.1
412 silly currentTree    builtins@1.0.3
412 silly currentTree    byline@5.0.0
412 silly currentTree    byte-size@4.0.3
412 silly currentTree    cacache@11.2.0
412 silly currentTree    call-limit@1.1.0
412 silly currentTree    camelcase@4.1.0
412 silly currentTree    capture-stack-trace@1.0.0
412 silly currentTree    caseless@0.12.0
412 silly currentTree    chalk@2.4.1
412 silly currentTree    chownr@1.0.1
412 silly currentTree    ci-info@1.4.0
412 silly currentTree    cidr-regex@2.0.9
412 silly currentTree    cli-boxes@1.0.0
412 silly currentTree    cli-columns@3.1.2
412 silly currentTree    cli-table3@0.5.0
412 silly currentTree    cliui@4.1.0
412 silly currentTree     ansi-regex@3.0.0
412 silly currentTree     strip-ansi@4.0.0
412 silly currentTree    clone@1.0.4
412 silly currentTree    cmd-shim@2.0.2
412 silly currentTree    co@4.6.0
412 silly currentTree    code-point-at@1.1.0
412 silly currentTree    color-convert@1.9.1
412 silly currentTree    color-name@1.1.3
412 silly currentTree    colors@1.1.2
412 silly currentTree    columnify@1.5.4
412 silly currentTree    combined-stream@1.0.6
412 silly currentTree    concat-map@0.0.1
412 silly currentTree    concat-stream@1.6.2
412 silly currentTree    config-chain@1.1.11
412 silly currentTree    configstore@3.1.2
412 silly currentTree    console-control-strings@1.1.0
412 silly currentTree    copy-concurrently@1.0.5
412 silly currentTree     iferr@0.1.5
412 silly currentTree    core-util-is@1.0.2
412 silly currentTree    create-error-class@3.0.2
412 silly currentTree    cross-spawn@5.1.0
412 silly currentTree    crypto-random-string@1.0.0
412 silly currentTree    cyclist@0.2.2
412 silly currentTree    dashdash@1.14.1
412 silly currentTree    debug@3.1.0
412 silly currentTree     ms@2.0.0
412 silly currentTree    debuglog@1.0.1
412 silly currentTree    decamelize@1.2.0
412 silly currentTree    decode-uri-component@0.2.0
412 silly currentTree    deep-extend@0.5.1
412 silly currentTree    defaults@1.0.3
412 silly currentTree    delayed-stream@1.0.0
412 silly currentTree    delegates@1.0.0
412 silly currentTree    detect-indent@5.0.0
412 silly currentTree    detect-newline@2.1.0
412 silly currentTree    dezalgo@1.0.3
412 silly currentTree    dot-prop@4.2.0
412 silly currentTree    dotenv@5.0.1
412 silly currentTree    duplexer3@0.1.4
412 silly currentTree    duplexify@3.6.0
412 silly currentTree    ecc-jsbn@0.1.2
412 silly currentTree    editor@1.0.0
412 silly currentTree    encoding@0.1.12
412 silly currentTree    end-of-stream@1.4.1
412 silly currentTree    err-code@1.1.2
412 silly currentTree    errno@0.1.7
412 silly currentTree    es6-promise@4.2.4
412 silly currentTree    es6-promisify@5.0.0
412 silly currentTree    escape-string-regexp@1.0.5
412 silly currentTree    execa@0.7.0
412 silly currentTree    extend@3.0.2
412 silly currentTree    extsprintf@1.3.0
412 silly currentTree    fast-deep-equal@1.1.0
412 silly currentTree    fast-json-stable-stringify@2.0.0
412 silly currentTree    figgy-pudding@3.4.1
412 silly currentTree    find-npm-prefix@1.0.2
412 silly currentTree    find-up@2.1.0
412 silly currentTree    flush-write-stream@1.0.3
412 silly currentTree    forever-agent@0.6.1
412 silly currentTree    form-data@2.3.2
412 silly currentTree    from2@2.3.0
412 silly currentTree    fs-minipass@1.2.5
412 silly currentTree    fs-vacuum@1.2.10
412 silly currentTree    fs-write-stream-atomic@1.0.10
412 silly currentTree     iferr@0.1.5
412 silly currentTree    fs.realpath@1.0.0
412 silly currentTree    fstream@1.0.11
412 silly currentTree    gauge@2.7.4
412 silly currentTree     string-width@1.0.2
412 silly currentTree    genfun@4.0.1
412 silly currentTree    gentle-fs@2.0.1
412 silly currentTree     iferr@0.1.5
412 silly currentTree    get-caller-file@1.0.2
412 silly currentTree    get-stream@3.0.0
412 silly currentTree    getpass@0.1.7
412 silly currentTree    glob@7.1.2
412 silly currentTree    global-dirs@0.1.1
412 silly currentTree    got@6.7.1
412 silly currentTree    graceful-fs@4.1.11
412 silly currentTree    har-schema@2.0.0
412 silly currentTree    har-validator@5.1.0
412 silly currentTree    has-flag@3.0.0
412 silly currentTree    has-unicode@2.0.1
412 silly currentTree    hosted-git-info@2.7.1
412 silly currentTree    http-cache-semantics@3.8.1
412 silly currentTree    http-proxy-agent@2.1.0
412 silly currentTree    http-signature@1.2.0
412 silly currentTree    https-proxy-agent@2.2.1
412 silly currentTree    humanize-ms@1.2.1
412 silly currentTree    iconv-lite@0.4.23
412 silly currentTree    iferr@1.0.2
412 silly currentTree    ignore-walk@3.0.1
412 silly currentTree    import-lazy@2.1.0
412 silly currentTree    imurmurhash@0.1.4
412 silly currentTree    inflight@1.0.6
412 silly currentTree    inherits@2.0.3
412 silly currentTree    ini@1.3.5
412 silly currentTree    init-package-json@1.10.3
412 silly currentTree    invert-kv@1.0.0
412 silly currentTree    ip-regex@2.1.0
412 silly currentTree    ip@1.1.5
412 silly currentTree    is-builtin-module@1.0.0
412 silly currentTree    is-ci@1.1.0
412 silly currentTree    is-cidr@2.0.6
412 silly currentTree    is-fullwidth-code-point@1.0.0
412 silly currentTree    is-installed-globally@0.1.0
412 silly currentTree    is-npm@1.0.0
412 silly currentTree    is-obj@1.0.1
412 silly currentTree    is-path-inside@1.0.1
412 silly currentTree    is-redirect@1.0.0
412 silly currentTree    is-retry-allowed@1.1.0
412 silly currentTree    is-stream@1.1.0
412 silly currentTree    is-typedarray@1.0.0
412 silly currentTree    isarray@1.0.0
412 silly currentTree    isexe@2.0.0
412 silly currentTree    isstream@0.1.2
412 silly currentTree    jsbn@0.1.1
412 silly currentTree    json-parse-better-errors@1.0.2
412 silly currentTree    json-schema-traverse@0.3.1
412 silly currentTree    json-schema@0.2.3
412 silly currentTree    json-stringify-safe@5.0.1
412 silly currentTree    jsonparse@1.3.1
412 silly currentTree    JSONStream@1.3.4
412 silly currentTree    jsprim@1.4.1
412 silly currentTree    latest-version@3.1.0
412 silly currentTree    lazy-property@1.0.0
412 silly currentTree    lcid@1.0.0
412 silly currentTree    libcipm@2.0.2
412 silly currentTree    libnpmhook@4.0.1
412 silly currentTree     npm-registry-fetch@3.1.1
412 silly currentTree    libnpx@10.2.0
412 silly currentTree    locate-path@2.0.0
412 silly currentTree    lock-verify@2.0.2
412 silly currentTree    lockfile@1.0.4
412 silly currentTree    lodash._baseindexof@3.1.0
412 silly currentTree    lodash._baseuniq@4.6.0
412 silly currentTree    lodash._bindcallback@3.0.1
412 silly currentTree    lodash._cacheindexof@3.0.2
412 silly currentTree    lodash._createcache@3.1.2
412 silly currentTree    lodash._createset@4.0.3
412 silly currentTree    lodash._getnative@3.9.1
412 silly currentTree    lodash._root@3.0.1
412 silly currentTree    lodash.clonedeep@4.5.0
412 silly currentTree    lodash.restparam@3.6.1
412 silly currentTree    lodash.union@4.6.0
412 silly currentTree    lodash.uniq@4.5.0
412 silly currentTree    lodash.without@4.4.0
412 silly currentTree    lowercase-keys@1.0.1
412 silly currentTree    lru-cache@4.1.3
412 silly currentTree    make-dir@1.3.0
412 silly currentTree    make-fetch-happen@4.0.1
412 silly currentTree    meant@1.0.1
412 silly currentTree    mem@1.1.0
412 silly currentTree    mime-db@1.35.0
412 silly currentTree    mime-types@2.1.19
412 silly currentTree    mimic-fn@1.2.0
412 silly currentTree    minimatch@3.0.4
412 silly currentTree    minimist@0.0.8
412 silly currentTree    minipass@2.3.3
412 silly currentTree     yallist@3.0.2
412 silly currentTree    minizlib@1.1.0
412 silly currentTree    mississippi@3.0.0
412 silly currentTree    mkdirp@0.5.1
412 silly currentTree    move-concurrently@1.0.1
412 silly currentTree    ms@2.1.1
412 silly currentTree    mute-stream@0.0.7
412 silly currentTree    node-fetch-npm@2.0.2
412 silly currentTree    node-gyp@3.8.0
412 silly currentTree     nopt@3.0.6
412 silly currentTree     semver@5.3.0
412 silly currentTree     tar@2.2.1
412 silly currentTree    nopt@4.0.1
412 silly currentTree    normalize-package-data@2.4.0
412 silly currentTree    npm-audit-report@1.3.1
412 silly currentTree    npm-bundled@1.0.5
412 silly currentTree    npm-cache-filename@1.0.2
412 silly currentTree    npm-install-checks@3.0.0
412 silly currentTree    npm-lifecycle@2.1.0
412 silly currentTree    npm-logical-tree@1.2.1
412 silly currentTree    npm-package-arg@6.1.0
412 silly currentTree    npm-packlist@1.1.11
412 silly currentTree    npm-pick-manifest@2.1.0
412 silly currentTree    npm-profile@3.0.2
412 silly currentTree    npm-registry-client@8.6.0
412 silly currentTree     retry@0.10.1
412 silly currentTree     ssri@5.3.0
412 silly currentTree    npm-registry-fetch@1.1.0
412 silly currentTree     cacache@10.0.4
412 silly currentTree      mississippi@2.0.0
412 silly currentTree     figgy-pudding@2.0.1
412 silly currentTree     make-fetch-happen@3.0.0
412 silly currentTree     pump@2.0.1
412 silly currentTree     smart-buffer@1.1.15
412 silly currentTree     socks-proxy-agent@3.0.1
412 silly currentTree     socks@1.1.10
412 silly currentTree     ssri@5.3.0
412 silly currentTree    npm-run-path@2.0.2
412 silly currentTree    npm-user-validate@1.0.0
412 silly currentTree    npmlog@4.1.2
412 silly currentTree    number-is-nan@1.0.1
412 silly currentTree    oauth-sign@0.9.0
412 silly currentTree    object-assign@4.1.1
412 silly currentTree    once@1.4.0
412 silly currentTree    opener@1.5.0
412 silly currentTree    os-homedir@1.0.2
412 silly currentTree    os-locale@2.1.0
412 silly currentTree    os-tmpdir@1.0.2
412 silly currentTree    osenv@0.1.5
412 silly currentTree    p-finally@1.0.0
412 silly currentTree    p-limit@1.2.0
412 silly currentTree    p-locate@2.0.0
412 silly currentTree    p-try@1.0.0
412 silly currentTree    package-json@4.0.1
412 silly currentTree    pacote@8.1.6
412 silly currentTree    parallel-transform@1.1.0
412 silly currentTree    path-exists@3.0.0
412 silly currentTree    path-is-absolute@1.0.1
412 silly currentTree    path-is-inside@1.0.2
412 silly currentTree    path-key@2.0.1
412 silly currentTree    performance-now@2.1.0
412 silly currentTree    pify@3.0.0
412 silly currentTree    prepend-http@1.0.4
412 silly currentTree    process-nextick-args@2.0.0
412 silly currentTree    promise-inflight@1.0.1
412 silly currentTree    promise-retry@1.1.1
412 silly currentTree     retry@0.10.1
412 silly currentTree    promzard@0.3.0
412 silly currentTree    proto-list@1.2.4
412 silly currentTree    protoduck@5.0.0
412 silly currentTree    prr@1.0.1
412 silly currentTree    pseudomap@1.0.2
412 silly currentTree    psl@1.1.29
412 silly currentTree    pump@3.0.0
412 silly currentTree    pumpify@1.5.1
412 silly currentTree     pump@2.0.1
412 silly currentTree    punycode@1.4.1
412 silly currentTree    qrcode-terminal@0.12.0
412 silly currentTree    qs@6.5.2
412 silly currentTree    query-string@6.1.0
412 silly currentTree    qw@1.0.1
412 silly currentTree    rc@1.2.7
412 silly currentTree     minimist@1.2.0
412 silly currentTree    read-cmd-shim@1.0.1
412 silly currentTree    read-installed@4.0.3
412 silly currentTree    read-package-json@2.0.13
412 silly currentTree    read-package-tree@5.2.1
412 silly currentTree    read@1.0.7
412 silly currentTree    readable-stream@2.3.6
412 silly currentTree    readdir-scoped-modules@1.0.2
412 silly currentTree    registry-auth-token@3.3.2
412 silly currentTree    registry-url@3.1.0
412 silly currentTree    request@2.88.0
412 silly currentTree    require-directory@2.1.1
412 silly currentTree    require-main-filename@1.0.1
412 silly currentTree    resolve-from@4.0.0
412 silly currentTree    retry@0.12.0
412 silly currentTree    rimraf@2.6.2
412 silly currentTree    run-queue@1.0.3
412 silly currentTree    safe-buffer@5.1.2
412 silly currentTree    safer-buffer@2.1.2
412 silly currentTree    semver-diff@2.1.0
412 silly currentTree    semver@5.5.0
412 silly currentTree    set-blocking@2.0.0
412 silly currentTree    sha@2.0.1
412 silly currentTree    shebang-command@1.2.0
412 silly currentTree    shebang-regex@1.0.0
412 silly currentTree    signal-exit@3.0.2
412 silly currentTree    slash@1.0.0
412 silly currentTree    slide@1.1.6
412 silly currentTree    smart-buffer@4.0.1
412 silly currentTree    socks-proxy-agent@4.0.1
412 silly currentTree    socks@2.2.0
412 silly currentTree    sorted-object@2.0.1
412 silly currentTree    sorted-union-stream@2.1.3
412 silly currentTree     from2@1.3.0
412 silly currentTree     isarray@0.0.1
412 silly currentTree     readable-stream@1.1.14
412 silly currentTree     string_decoder@0.10.31
412 silly currentTree    spdx-correct@3.0.0
412 silly currentTree    spdx-exceptions@2.1.0
412 silly currentTree    spdx-expression-parse@3.0.0
412 silly currentTree    spdx-license-ids@3.0.0
412 silly currentTree    sshpk@1.14.2
412 silly currentTree    ssri@6.0.0
412 silly currentTree    stream-each@1.2.2
412 silly currentTree    stream-iterate@1.2.0
412 silly currentTree    stream-shift@1.0.0
412 silly currentTree    strict-uri-encode@2.0.0
412 silly currentTree    string_decoder@1.1.1
412 silly currentTree    string-width@2.1.1
412 silly currentTree     ansi-regex@3.0.0
412 silly currentTree     is-fullwidth-code-point@2.0.0
412 silly currentTree     strip-ansi@4.0.0
412 silly currentTree    stringify-package@1.0.0
412 silly currentTree    strip-ansi@3.0.1
412 silly currentTree    strip-eof@1.0.0
412 silly currentTree    strip-json-comments@2.0.1
412 silly currentTree    supports-color@5.4.0
412 silly currentTree    tar@4.4.6
412 silly currentTree     yallist@3.0.2
412 silly currentTree    term-size@1.2.0
412 silly currentTree    text-table@0.2.0
412 silly currentTree    through@2.3.8
412 silly currentTree    through2@2.0.3
412 silly currentTree    timed-out@4.0.1
412 silly currentTree    tiny-relative-date@1.3.0
412 silly currentTree    tough-cookie@2.4.3
412 silly currentTree    tunnel-agent@0.6.0
412 silly currentTree    tweetnacl@0.14.5
412 silly currentTree    typedarray@0.0.6
412 silly currentTree    uid-number@0.0.6
412 silly currentTree    umask@1.1.0
412 silly currentTree    unique-filename@1.1.0
412 silly currentTree    unique-slug@2.0.0
412 silly currentTree    unique-string@1.0.0
412 silly currentTree    unpipe@1.0.0
412 silly currentTree    unzip-response@2.0.1
412 silly currentTree    update-notifier@2.5.0
412 silly currentTree    url-parse-lax@1.0.0
412 silly currentTree    util-deprecate@1.0.2
412 silly currentTree    util-extend@1.0.3
412 silly currentTree    uuid@3.3.2
412 silly currentTree    validate-npm-package-license@3.0.4
412 silly currentTree    validate-npm-package-name@3.0.0
412 silly currentTree    verror@1.10.0
412 silly currentTree    wcwidth@1.0.1
412 silly currentTree    which-module@2.0.0
412 silly currentTree    which@1.3.1
412 silly currentTree    wide-align@1.1.2
412 silly currentTree     string-width@1.0.2
412 silly currentTree    widest-line@2.0.0
412 silly currentTree    worker-farm@1.6.0
412 silly currentTree    wrap-ansi@2.1.0
412 silly currentTree     string-width@1.0.2
412 silly currentTree    wrappy@1.0.2
412 silly currentTree    write-file-atomic@2.3.0
412 silly currentTree    xdg-basedir@3.0.0
412 silly currentTree    xtend@4.0.1
412 silly currentTree    y18n@4.0.0
412 silly currentTree    yallist@2.1.2
412 silly currentTree    yargs-parser@9.0.2
412 silly currentTree    yargs@11.0.0
412 silly currentTree      y18n@3.2.1
413 silly idealTree lib
413 silly idealTree  npm@6.9.0
413 silly idealTree    abbrev@1.1.1
413 silly idealTree    agent-base@4.2.1
413 silly idealTree    agentkeepalive@3.4.1
413 silly idealTree    ajv@5.5.2
413 silly idealTree    ansi-align@2.0.0
413 silly idealTree    ansi-regex@2.1.1
413 silly idealTree    ansi-styles@3.2.1
413 silly idealTree    ansicolors@0.3.2
413 silly idealTree    ansistyles@0.1.3
413 silly idealTree    aproba@2.0.0
413 silly idealTree    archy@1.0.0
413 silly idealTree    are-we-there-yet@1.1.4
413 silly idealTree     readable-stream@2.3.6
413 silly idealTree     string_decoder@1.1.1
413 silly idealTree    asap@2.0.6
413 silly idealTree    asn1@0.2.4
413 silly idealTree    assert-plus@1.0.0
413 silly idealTree    asynckit@0.4.0
413 silly idealTree    aws-sign2@0.7.0
413 silly idealTree    aws4@1.8.0
413 silly idealTree    balanced-match@1.0.0
413 silly idealTree    bcrypt-pbkdf@1.0.2
413 silly idealTree    bin-links@1.1.2
413 silly idealTree    block-stream@0.0.9
413 silly idealTree    bluebird@3.5.3
413 silly idealTree    boxen@1.3.0
413 silly idealTree    brace-expansion@1.1.11
413 silly idealTree    buffer-from@1.0.0
413 silly idealTree    builtins@1.0.3
413 silly idealTree    byline@5.0.0
413 silly idealTree    byte-size@5.0.1
413 silly idealTree    cacache@11.3.2
413 silly idealTree     chownr@1.1.1
413 silly idealTree     lru-cache@5.1.1
413 silly idealTree     unique-filename@1.1.1
413 silly idealTree     yallist@3.0.3
413 silly idealTree    call-limit@1.1.0
413 silly idealTree    camelcase@4.1.0
413 silly idealTree    capture-stack-trace@1.0.0
413 silly idealTree    caseless@0.12.0
413 silly idealTree    chalk@2.4.1
413 silly idealTree    chownr@1.1.1
413 silly idealTree    ci-info@2.0.0
413 silly idealTree    cidr-regex@2.0.10
413 silly idealTree    cli-boxes@1.0.0
413 silly idealTree    cli-columns@3.1.2
413 silly idealTree    cli-table3@0.5.1
413 silly idealTree    cliui@4.1.0
413 silly idealTree     ansi-regex@3.0.0
413 silly idealTree     strip-ansi@4.0.0
413 silly idealTree    clone@1.0.4
413 silly idealTree    cmd-shim@2.0.2
413 silly idealTree    co@4.6.0
413 silly idealTree    code-point-at@1.1.0
413 silly idealTree    color-convert@1.9.1
413 silly idealTree    color-name@1.1.3
413 silly idealTree    colors@1.3.3
413 silly idealTree    columnify@1.5.4
413 silly idealTree    combined-stream@1.0.6
413 silly idealTree    concat-map@0.0.1
413 silly idealTree    concat-stream@1.6.2
413 silly idealTree     readable-stream@2.3.6
413 silly idealTree     string_decoder@1.1.1
413 silly idealTree    config-chain@1.1.12
413 silly idealTree    configstore@3.1.2
413 silly idealTree    console-control-strings@1.1.0
413 silly idealTree    copy-concurrently@1.0.5
413 silly idealTree     aproba@1.2.0
413 silly idealTree     iferr@0.1.5
413 silly idealTree    core-util-is@1.0.2
413 silly idealTree    create-error-class@3.0.2
413 silly idealTree    cross-spawn@5.1.0
413 silly idealTree    crypto-random-string@1.0.0
413 silly idealTree    cyclist@0.2.2
413 silly idealTree    dashdash@1.14.1
413 silly idealTree    debug@3.1.0
413 silly idealTree     ms@2.0.0
413 silly idealTree    debuglog@1.0.1
413 silly idealTree    decamelize@1.2.0
413 silly idealTree    decode-uri-component@0.2.0
413 silly idealTree    deep-extend@0.5.1
413 silly idealTree    defaults@1.0.3
413 silly idealTree    delayed-stream@1.0.0
413 silly idealTree    delegates@1.0.0
413 silly idealTree    detect-indent@5.0.0
413 silly idealTree    detect-newline@2.1.0
413 silly idealTree    dezalgo@1.0.3
413 silly idealTree    dot-prop@4.2.0
413 silly idealTree    dotenv@5.0.1
413 silly idealTree    duplexer3@0.1.4
413 silly idealTree    duplexify@3.6.0
413 silly idealTree     readable-stream@2.3.6
413 silly idealTree     string_decoder@1.1.1
413 silly idealTree    ecc-jsbn@0.1.2
413 silly idealTree    editor@1.0.0
413 silly idealTree    encoding@0.1.12
413 silly idealTree    end-of-stream@1.4.1
413 silly idealTree    err-code@1.1.2
413 silly idealTree    errno@0.1.7
413 silly idealTree    es6-promise@4.2.6
413 silly idealTree    es6-promisify@5.0.0
413 silly idealTree    escape-string-regexp@1.0.5
413 silly idealTree    execa@0.7.0
413 silly idealTree     get-stream@3.0.0
413 silly idealTree    extend@3.0.2
413 silly idealTree    extsprintf@1.3.0
413 silly idealTree    fast-deep-equal@1.1.0
413 silly idealTree    fast-json-stable-stringify@2.0.0
413 silly idealTree    figgy-pudding@3.5.1
413 silly idealTree    find-npm-prefix@1.0.2
413 silly idealTree    find-up@2.1.0
413 silly idealTree    flush-write-stream@1.0.3
413 silly idealTree     readable-stream@2.3.6
413 silly idealTree     string_decoder@1.1.1
413 silly idealTree    forever-agent@0.6.1
413 silly idealTree    form-data@2.3.2
413 silly idealTree    from2@2.3.0
413 silly idealTree     readable-stream@2.3.6
413 silly idealTree     string_decoder@1.1.1
413 silly idealTree    fs-minipass@1.2.5
413 silly idealTree    fs-vacuum@1.2.10
413 silly idealTree    fs-write-stream-atomic@1.0.10
413 silly idealTree     iferr@0.1.5
413 silly idealTree     readable-stream@2.3.6
413 silly idealTree     string_decoder@1.1.1
413 silly idealTree    fs.realpath@1.0.0
413 silly idealTree    fstream@1.0.11
413 silly idealTree    gauge@2.7.4
413 silly idealTree     aproba@1.2.0
413 silly idealTree     string-width@1.0.2
413 silly idealTree    genfun@5.0.0
413 silly idealTree    gentle-fs@2.0.1
413 silly idealTree     aproba@1.2.0
413 silly idealTree     iferr@0.1.5
413 silly idealTree    get-caller-file@1.0.2
413 silly idealTree    get-stream@4.1.0
413 silly idealTree    getpass@0.1.7
413 silly idealTree    glob@7.1.3
413 silly idealTree    global-dirs@0.1.1
413 silly idealTree    got@6.7.1
413 silly idealTree     get-stream@3.0.0
413 silly idealTree    graceful-fs@4.1.15
413 silly idealTree    har-schema@2.0.0
413 silly idealTree    har-validator@5.1.0
413 silly idealTree    has-flag@3.0.0
413 silly idealTree    has-unicode@2.0.1
413 silly idealTree    hosted-git-info@2.7.1
413 silly idealTree    http-cache-semantics@3.8.1
413 silly idealTree    http-proxy-agent@2.1.0
413 silly idealTree    http-signature@1.2.0
413 silly idealTree    https-proxy-agent@2.2.1
413 silly idealTree    humanize-ms@1.2.1
413 silly idealTree    iconv-lite@0.4.23
413 silly idealTree    iferr@1.0.2
413 silly idealTree    ignore-walk@3.0.1
413 silly idealTree    import-lazy@2.1.0
413 silly idealTree    imurmurhash@0.1.4
413 silly idealTree    inflight@1.0.6
413 silly idealTree    inherits@2.0.3
413 silly idealTree    ini@1.3.5
413 silly idealTree    init-package-json@1.10.3
413 silly idealTree    invert-kv@1.0.0
413 silly idealTree    ip-regex@2.1.0
413 silly idealTree    ip@1.1.5
413 silly idealTree    is-ci@1.1.0
413 silly idealTree     ci-info@1.6.0
413 silly idealTree    is-cidr@3.0.0
413 silly idealTree    is-fullwidth-code-point@1.0.0
413 silly idealTree    is-installed-globally@0.1.0
413 silly idealTree    is-npm@1.0.0
413 silly idealTree    is-obj@1.0.1
413 silly idealTree    is-path-inside@1.0.1
413 silly idealTree    is-redirect@1.0.0
413 silly idealTree    is-retry-allowed@1.1.0
413 silly idealTree    is-stream@1.1.0
413 silly idealTree    is-typedarray@1.0.0
413 silly idealTree    isarray@1.0.0
413 silly idealTree    isexe@2.0.0
413 silly idealTree    isstream@0.1.2
413 silly idealTree    jsbn@0.1.1
413 silly idealTree    json-parse-better-errors@1.0.2
413 silly idealTree    json-schema-traverse@0.3.1
413 silly idealTree    json-schema@0.2.3
413 silly idealTree    json-stringify-safe@5.0.1
413 silly idealTree    jsonparse@1.3.1
413 silly idealTree    JSONStream@1.3.5
413 silly idealTree    jsprim@1.4.1
413 silly idealTree    latest-version@3.1.0
413 silly idealTree    lazy-property@1.0.0
413 silly idealTree    lcid@1.0.0
413 silly idealTree    libcipm@3.0.3
413 silly idealTree    libnpm@2.0.1
413 silly idealTree    libnpmaccess@3.0.1
413 silly idealTree     aproba@2.0.0
413 silly idealTree    libnpmconfig@1.2.1
413 silly idealTree     find-up@3.0.0
413 silly idealTree     locate-path@3.0.0
413 silly idealTree     p-limit@2.1.0
413 silly idealTree     p-locate@3.0.0
413 silly idealTree     p-try@2.0.0
413 silly idealTree    libnpmhook@5.0.2
413 silly idealTree    libnpmorg@1.0.0
413 silly idealTree     aproba@2.0.0
413 silly idealTree    libnpmpublish@1.1.1
413 silly idealTree    libnpmsearch@2.0.0
413 silly idealTree    libnpmteam@1.0.1
413 silly idealTree     aproba@2.0.0
413 silly idealTree    libnpx@10.2.0
413 silly idealTree    locate-path@2.0.0
413 silly idealTree    lock-verify@2.1.0
413 silly idealTree    lockfile@1.0.4
413 silly idealTree    lodash._baseindexof@3.1.0
413 silly idealTree    lodash._baseuniq@4.6.0
413 silly idealTree    lodash._bindcallback@3.0.1
413 silly idealTree    lodash._cacheindexof@3.0.2
413 silly idealTree    lodash._createcache@3.1.2
413 silly idealTree    lodash._createset@4.0.3
413 silly idealTree    lodash._getnative@3.9.1
413 silly idealTree    lodash._root@3.0.1
413 silly idealTree    lodash.clonedeep@4.5.0
413 silly idealTree    lodash.restparam@3.6.1
413 silly idealTree    lodash.union@4.6.0
413 silly idealTree    lodash.uniq@4.5.0
413 silly idealTree    lodash.without@4.4.0
413 silly idealTree    lowercase-keys@1.0.1
413 silly idealTree    lru-cache@4.1.5
413 silly idealTree    make-dir@1.3.0
413 silly idealTree    make-fetch-happen@4.0.1
413 silly idealTree    meant@1.0.1
413 silly idealTree    mem@1.1.0
413 silly idealTree    mime-db@1.35.0
413 silly idealTree    mime-types@2.1.19
413 silly idealTree    mimic-fn@1.2.0
413 silly idealTree    minimatch@3.0.4
413 silly idealTree    minimist@0.0.8
413 silly idealTree    minipass@2.3.3
413 silly idealTree     yallist@3.0.2
413 silly idealTree    minizlib@1.1.1
413 silly idealTree    mississippi@3.0.0
413 silly idealTree    mkdirp@0.5.1
413 silly idealTree    move-concurrently@1.0.1
413 silly idealTree     aproba@1.2.0
413 silly idealTree    ms@2.1.1
413 silly idealTree    mute-stream@0.0.7
413 silly idealTree    node-fetch-npm@2.0.2
413 silly idealTree    node-gyp@3.8.0
413 silly idealTree     nopt@3.0.6
413 silly idealTree     semver@5.3.0
413 silly idealTree     tar@2.2.1
413 silly idealTree    nopt@4.0.1
413 silly idealTree    normalize-package-data@2.5.0
413 silly idealTree     resolve@1.10.0
413 silly idealTree    npm-audit-report@1.3.2
413 silly idealTree    npm-bundled@1.0.6
413 silly idealTree    npm-cache-filename@1.0.2
413 silly idealTree    npm-install-checks@3.0.0
413 silly idealTree    npm-lifecycle@2.1.0
413 silly idealTree    npm-logical-tree@1.2.1
413 silly idealTree    npm-package-arg@6.1.0
413 silly idealTree    npm-packlist@1.4.1
413 silly idealTree    npm-pick-manifest@2.2.3
413 silly idealTree    npm-profile@4.0.1
413 silly idealTree    npm-registry-fetch@3.9.0
413 silly idealTree    npm-run-path@2.0.2
413 silly idealTree    npm-user-validate@1.0.0
413 silly idealTree    npmlog@4.1.2
413 silly idealTree    number-is-nan@1.0.1
413 silly idealTree    oauth-sign@0.9.0
413 silly idealTree    object-assign@4.1.1
413 silly idealTree    once@1.4.0
413 silly idealTree    opener@1.5.1
413 silly idealTree    os-homedir@1.0.2
413 silly idealTree    os-locale@2.1.0
413 silly idealTree    os-tmpdir@1.0.2
413 silly idealTree    osenv@0.1.5
413 silly idealTree    p-finally@1.0.0
413 silly idealTree    p-limit@1.2.0
413 silly idealTree    p-locate@2.0.0
413 silly idealTree    p-try@1.0.0
413 silly idealTree    package-json@4.0.1
413 silly idealTree    pacote@9.5.0
413 silly idealTree     lru-cache@5.1.1
413 silly idealTree     minipass@2.3.5
413 silly idealTree     yallist@3.0.3
413 silly idealTree    parallel-transform@1.1.0
413 silly idealTree     readable-stream@2.3.6
413 silly idealTree     string_decoder@1.1.1
413 silly idealTree    path-exists@3.0.0
413 silly idealTree    path-is-absolute@1.0.1
413 silly idealTree    path-is-inside@1.0.2
413 silly idealTree    path-key@2.0.1
413 silly idealTree    path-parse@1.0.6
413 silly idealTree    performance-now@2.1.0
413 silly idealTree    pify@3.0.0
413 silly idealTree    prepend-http@1.0.4
413 silly idealTree    process-nextick-args@2.0.0
413 silly idealTree    promise-inflight@1.0.1
413 silly idealTree    promise-retry@1.1.1
413 silly idealTree     retry@0.10.1
413 silly idealTree    promzard@0.3.0
413 silly idealTree    proto-list@1.2.4
413 silly idealTree    protoduck@5.0.1
413 silly idealTree    prr@1.0.1
413 silly idealTree    pseudomap@1.0.2
413 silly idealTree    psl@1.1.29
413 silly idealTree    pump@3.0.0
413 silly idealTree    pumpify@1.5.1
413 silly idealTree     pump@2.0.1
413 silly idealTree    punycode@1.4.1
413 silly idealTree    qrcode-terminal@0.12.0
413 silly idealTree    qs@6.5.2
413 silly idealTree    query-string@6.2.0
413 silly idealTree    qw@1.0.1
413 silly idealTree    rc@1.2.7
413 silly idealTree     minimist@1.2.0
413 silly idealTree    read-cmd-shim@1.0.1
413 silly idealTree    read-installed@4.0.3
413 silly idealTree    read-package-json@2.0.13
413 silly idealTree    read-package-tree@5.2.2
413 silly idealTree    read@1.0.7
413 silly idealTree    readable-stream@3.1.1
413 silly idealTree    readdir-scoped-modules@1.0.2
413 silly idealTree    registry-auth-token@3.3.2
413 silly idealTree    registry-url@3.1.0
413 silly idealTree    request@2.88.0
413 silly idealTree    require-directory@2.1.1
413 silly idealTree    require-main-filename@1.0.1
413 silly idealTree    resolve-from@4.0.0
413 silly idealTree    retry@0.12.0
413 silly idealTree    rimraf@2.6.3
413 silly idealTree    run-queue@1.0.3
413 silly idealTree     aproba@1.2.0
413 silly idealTree    safe-buffer@5.1.2
413 silly idealTree    safer-buffer@2.1.2
413 silly idealTree    semver-diff@2.1.0
413 silly idealTree    semver@5.6.0
413 silly idealTree    set-blocking@2.0.0
413 silly idealTree    sha@2.0.1
413 silly idealTree     readable-stream@2.3.6
413 silly idealTree     string_decoder@1.1.1
413 silly idealTree    shebang-command@1.2.0
413 silly idealTree    shebang-regex@1.0.0
413 silly idealTree    signal-exit@3.0.2
413 silly idealTree    slash@1.0.0
413 silly idealTree    slide@1.1.6
413 silly idealTree    smart-buffer@4.0.1
413 silly idealTree    socks-proxy-agent@4.0.1
413 silly idealTree    socks@2.2.0
413 silly idealTree    sorted-object@2.0.1
413 silly idealTree    sorted-union-stream@2.1.3
413 silly idealTree     from2@1.3.0
413 silly idealTree     isarray@0.0.1
413 silly idealTree     readable-stream@1.1.14
413 silly idealTree     string_decoder@0.10.31
413 silly idealTree    spdx-correct@3.0.0
413 silly idealTree    spdx-exceptions@2.1.0
413 silly idealTree    spdx-expression-parse@3.0.0
413 silly idealTree    spdx-license-ids@3.0.3
413 silly idealTree    sshpk@1.14.2
413 silly idealTree    ssri@6.0.1
413 silly idealTree    stream-each@1.2.2
413 silly idealTree    stream-iterate@1.2.0
413 silly idealTree     readable-stream@2.3.6
413 silly idealTree     string_decoder@1.1.1
413 silly idealTree    stream-shift@1.0.0
413 silly idealTree    strict-uri-encode@2.0.0
413 silly idealTree    string_decoder@1.2.0
413 silly idealTree    string-width@2.1.1
413 silly idealTree     ansi-regex@3.0.0
413 silly idealTree     is-fullwidth-code-point@2.0.0
413 silly idealTree     strip-ansi@4.0.0
413 silly idealTree    stringify-package@1.0.0
413 silly idealTree    strip-ansi@3.0.1
413 silly idealTree    strip-eof@1.0.0
413 silly idealTree    strip-json-comments@2.0.1
413 silly idealTree    supports-color@5.4.0
413 silly idealTree    tar@4.4.8
413 silly idealTree     chownr@1.1.1
413 silly idealTree     minipass@2.3.5
413 silly idealTree     yallist@3.0.3
413 silly idealTree    term-size@1.2.0
413 silly idealTree    text-table@0.2.0
413 silly idealTree    through@2.3.8
413 silly idealTree    through2@2.0.3
413 silly idealTree     readable-stream@2.3.6
413 silly idealTree     string_decoder@1.1.1
413 silly idealTree    timed-out@4.0.1
413 silly idealTree    tiny-relative-date@1.3.0
413 silly idealTree    tough-cookie@2.4.3
413 silly idealTree    tunnel-agent@0.6.0
413 silly idealTree    tweetnacl@0.14.5
413 silly idealTree    typedarray@0.0.6
413 silly idealTree    uid-number@0.0.6
413 silly idealTree    umask@1.1.0
413 silly idealTree    unique-filename@1.1.1
413 silly idealTree    unique-slug@2.0.0
413 silly idealTree    unique-string@1.0.0
413 silly idealTree    unpipe@1.0.0
413 silly idealTree    unzip-response@2.0.1
413 silly idealTree    update-notifier@2.5.0
413 silly idealTree    url-parse-lax@1.0.0
413 silly idealTree    util-deprecate@1.0.2
413 silly idealTree    util-extend@1.0.3
413 silly idealTree    uuid@3.3.2
413 silly idealTree    validate-npm-package-license@3.0.4
413 silly idealTree    validate-npm-package-name@3.0.0
413 silly idealTree    verror@1.10.0
413 silly idealTree    wcwidth@1.0.1
413 silly idealTree    which-module@2.0.0
413 silly idealTree    which@1.3.1
413 silly idealTree    wide-align@1.1.2
413 silly idealTree     string-width@1.0.2
413 silly idealTree    widest-line@2.0.0
413 silly idealTree    worker-farm@1.6.0
413 silly idealTree    wrap-ansi@2.1.0
413 silly idealTree     string-width@1.0.2
413 silly idealTree    wrappy@1.0.2
413 silly idealTree    write-file-atomic@2.4.2
413 silly idealTree    xdg-basedir@3.0.0
413 silly idealTree    xtend@4.0.1
413 silly idealTree    y18n@4.0.0
413 silly idealTree    yallist@2.1.2
413 silly idealTree    yargs-parser@9.0.2
413 silly idealTree    yargs@11.0.0
413 silly idealTree      y18n@3.2.1
414 silly install generateActionsToTake
415 warn checkPermissions Missing write access to /usr/lib/node_modules/npm/node_modules/agent-base
416 warn checkPermissions Missing write access to /usr/lib/node_modules/npm/node_modules/aproba
417 warn checkPermissions Missing write access to /usr/lib/node_modules/npm/node_modules/bluebird
418 warn checkPermissions Missing write access to /usr/lib/node_modules/npm/node_modules/builtin-modules
419 warn checkPermissions Missing write access to /usr/lib/node_modules/npm/node_modules/cidr-regex
420 warn checkPermissions Missing write access to /usr/lib/node_modules/npm/node_modules/colors
421 warn checkPermissions Missing write access to /usr/lib/node_modules/npm/node_modules/cli-table3
422 warn checkPermissions Missing write access to /usr/lib/node_modules/npm/node_modules/es6-promise
423 warn checkPermissions Missing write access to /usr/lib/node_modules/npm/node_modules/figgy-pudding
424 warn checkPermissions Missing write access to /usr/lib/node_modules/npm/node_modules/genfun
425 warn checkPermissions Missing write access to /usr/lib/node_modules/npm/node_modules/get-stream
426 warn checkPermissions Missing write access to /usr/lib/node_modules/npm/node_modules/glob
427 warn checkPermissions Missing write access to /usr/lib/node_modules/npm/node_modules/graceful-fs
428 warn checkPermissions Missing write access to /usr/lib/node_modules/npm/node_modules/is-builtin-module
429 warn checkPermissions Missing write access to /usr/lib/node_modules/npm/node_modules/JSONStream
430 warn checkPermissions Missing write access to /usr/lib/node_modules/npm/node_modules/libnpmhook/node_modules/npm-registry-fetch
431 warn checkPermissions Missing write access to /usr/lib/node_modules/npm/node_modules/lru-cache
432 warn checkPermissions Missing write access to /usr/lib/node_modules/npm/node_modules/minizlib
433 warn checkPermissions Missing write access to /usr/lib/node_modules/npm/node_modules/npm-bundled
434 warn checkPermissions Missing write access to /usr/lib/node_modules/npm/node_modules/npm-packlist
435 warn checkPermissions Missing write access to /usr/lib/node_modules/npm/node_modules/npm-registry-client/node_modules/retry
436 warn checkPermissions Missing write access to /usr/lib/node_modules/npm/node_modules/npm-registry-client/node_modules/ssri
437 warn checkPermissions Missing write access to /usr/lib/node_modules/npm/node_modules/npm-registry-client
438 warn checkPermissions Missing write access to /usr/lib/node_modules/npm/node_modules/npm-registry-fetch/node_modules/figgy-pudding
439 warn checkPermissions Missing write access to /usr/lib/node_modules/npm/node_modules/npm-registry-fetch/node_modules/pump
440 warn checkPermissions Missing write access to /usr/lib/node_modules/npm/node_modules/npm-registry-fetch/node_modules/cacache/node_modules/mississippi
441 warn checkPermissions Missing write access to /usr/lib/node_modules/npm/node_modules/npm-registry-fetch/node_modules/smart-buffer
442 warn checkPermissions Missing write access to /usr/lib/node_modules/npm/node_modules/npm-registry-fetch/node_modules/socks
443 warn checkPermissions Missing write access to /usr/lib/node_modules/npm/node_modules/npm-registry-fetch/node_modules/socks-proxy-agent
444 warn checkPermissions Missing write access to /usr/lib/node_modules/npm/node_modules/npm-registry-fetch/node_modules/ssri
445 warn checkPermissions Missing write access to /usr/lib/node_modules/npm/node_modules/npm-registry-fetch/node_modules/cacache
446 warn checkPermissions Missing write access to /usr/lib/node_modules/npm/node_modules/npm-registry-fetch/node_modules/make-fetch-happen
447 warn checkPermissions Missing write access to /usr/lib/node_modules/npm/node_modules/npm-registry-fetch
448 warn checkPermissions Missing write access to /usr/lib/node_modules/npm/node_modules/libnpmhook
449 warn checkPermissions Missing write access to /usr/lib/node_modules/npm/node_modules/npm-profile
450 warn checkPermissions Missing write access to /usr/lib/node_modules/npm/node_modules/protoduck
451 warn checkPermissions Missing write access to /usr/lib/node_modules/npm/node_modules/rimraf
452 warn checkPermissions Missing write access to /usr/lib/node_modules/npm/node_modules/semver
453 warn checkPermissions Missing write access to /usr/lib/node_modules/npm/node_modules/lock-verify
454 warn checkPermissions Missing write access to /usr/lib/node_modules/npm/node_modules/normalize-package-data
455 warn checkPermissions Missing write access to /usr/lib/node_modules/npm/node_modules/npm-pick-manifest
456 warn checkPermissions Missing write access to /usr/lib/node_modules/npm/node_modules/spdx-license-ids
457 warn checkPermissions Missing write access to /usr/lib/node_modules/npm/node_modules/ssri
458 warn checkPermissions Missing write access to /usr/lib/node_modules/npm/node_modules/cacache
459 warn checkPermissions Missing write access to /usr/lib/node_modules/npm/node_modules/string_decoder
460 warn checkPermissions Missing write access to /usr/lib/node_modules/npm/node_modules/tar/node_modules/yallist
461 warn checkPermissions Missing write access to /usr/lib/node_modules/npm/node_modules/tar
462 warn checkPermissions Missing write access to /usr/lib/node_modules/npm/node_modules/unique-filename
463 warn checkPermissions Missing write access to /usr/lib/node_modules/npm/node_modules/pacote
464 warn checkPermissions Missing write access to /usr/lib/node_modules/npm/node_modules/write-file-atomic
465 warn checkPermissions Missing write access to /usr/lib/node_modules/npm/node_modules/byte-size
466 warn checkPermissions Missing write access to /usr/lib/node_modules/npm/node_modules/chownr
467 warn checkPermissions Missing write access to /usr/lib/node_modules/npm/node_modules/ci-info
468 warn checkPermissions Missing write access to /usr/lib/node_modules/npm/node_modules/config-chain
469 warn checkPermissions Missing write access to /usr/lib/node_modules/npm/node_modules/is-cidr
470 warn checkPermissions Missing write access to /usr/lib/node_modules/npm/node_modules/libcipm
471 warn checkPermissions Missing write access to /usr/lib/node_modules/npm/node_modules/npm-audit-report
472 warn checkPermissions Missing write access to /usr/lib/node_modules/npm/node_modules/opener
473 warn checkPermissions Missing write access to /usr/lib/node_modules/npm/node_modules/query-string
474 warn checkPermissions Missing write access to /usr/lib/node_modules/npm/node_modules/read-package-tree
475 warn checkPermissions Missing write access to /usr/lib/node_modules/npm/node_modules/readable-stream
476 warn checkPermissions Missing write access to /usr/lib/node_modules/npm
477 warn checkPermissions Missing write access to /usr/lib/node_modules/npm/node_modules
478 warn checkPermissions Missing write access to /usr/lib/node_modules/npm/node_modules/copy-concurrently/node_modules
479 warn checkPermissions Missing write access to /usr/lib/node_modules/npm/node_modules/fs-write-stream-atomic/node_modules
480 warn checkPermissions Missing write access to /usr/lib/node_modules/npm/node_modules/gauge/node_modules
481 warn checkPermissions Missing write access to /usr/lib/node_modules/npm/node_modules/gentle-fs/node_modules
482 warn checkPermissions Missing write access to /usr/lib/node_modules/npm/node_modules/libnpmhook/node_modules
483 warn checkPermissions Missing write access to /usr/lib/node_modules/npm/node_modules/npm-registry-client/node_modules
484 warn checkPermissions Missing write access to /usr/lib/node_modules/npm/node_modules/npm-registry-fetch/node_modules
485 warn checkPermissions Missing write access to /usr/lib/node_modules/npm/node_modules/npm-registry-fetch/node_modules/cacache/node_modules
486 warn checkPermissions Missing write access to /usr/lib/node_modules/npm/node_modules/tar/node_modules
487 warn checkPermissions Missing write access to /usr/lib/node_modules
488 warn checkPermissions Missing write access to /usr/lib/node_modules/npm/node_modules/are-we-there-yet
489 warn checkPermissions Missing write access to /usr/lib/node_modules/npm/node_modules/concat-stream
490 warn checkPermissions Missing write access to /usr/lib/node_modules/npm/node_modules/duplexify
491 warn checkPermissions Missing write access to /usr/lib/node_modules/npm/node_modules/execa
492 warn checkPermissions Missing write access to /usr/lib/node_modules/npm/node_modules/flush-write-stream
493 warn checkPermissions Missing write access to /usr/lib/node_modules/npm/node_modules/got
494 warn checkPermissions Missing write access to /usr/lib/node_modules/npm/node_modules/from2
495 warn checkPermissions Missing write access to /usr/lib/node_modules/npm/node_modules/is-ci
496 warn checkPermissions Missing write access to /usr/lib/node_modules/npm/node_modules/move-concurrently
497 warn checkPermissions Missing write access to /usr/lib/node_modules/npm/node_modules/parallel-transform
498 warn checkPermissions Missing write access to /usr/lib/node_modules/npm/node_modules/run-queue
499 warn checkPermissions Missing write access to /usr/lib/node_modules/npm/node_modules/sha
500 warn checkPermissions Missing write access to /usr/lib/node_modules/npm/node_modules/stream-iterate
501 warn checkPermissions Missing write access to /usr/lib/node_modules/npm/node_modules/through2
502 timing stage:rollbackFailedOptional Completed in 1ms
503 timing stage:runTopLevelLifecycles Completed in 3690ms
504 verbose stack Error: EACCES: permission denied, access '/usr/lib/node_modules/npm/node_modules/agent-base'
505 verbose cwd /opt/odoo/VME/VME9.0
506 verbose Linux 3.10.0-957.5.1.el7.x86_64
507 verbose argv "/usr/bin/node" "/bin/npm" "install" "-g" "npm"
508 verbose node v10.15.1
509 verbose npm  v6.4.1
510 error path /usr/lib/node_modules/npm/node_modules/agent-base
511 error code EACCES
512 error errno -13
513 error syscall access
514 error Error: EACCES: permission denied, access '/usr/lib/node_modules/npm/node_modules/agent-base'
514 error  { [Error: EACCES: permission denied, access '/usr/lib/node_modules/npm/node_modules/agent-base']
514 error   stack:
514 error    'Error: EACCES: permission denied, access \'/usr/lib/node_modules/npm/node_modules/agent-base\'',
514 error   errno: -13,
514 error   code: 'EACCES',
514 error   syscall: 'access',
514 error   path: '/usr/lib/node_modules/npm/node_modules/agent-base' }
515 error The operation was rejected by your operating system.
515 error It is likely you do not have the permissions to access this file as the current user
515 error
515 error If you believe this might be a permissions issue, please double-check the
515 error permissions of the file and its containing directories, or try running
515 error the command again as root/Administrator (though this is not recommended).
516 verbose exit [ -13, true ]
