0 info it worked if it ends with ok
1 verbose cli [ '/usr/bin/node', '/bin/npm', 'audit', 'fix' ]
2 info using npm@6.4.1
3 info using node@v10.15.1
4 verbose npm-session 22917f54934063bf
5 verbose stack Error: No package.json found: Cannot audit a project without a package.json
5 verbose stack     at Bluebird.all.spread (/usr/lib/node_modules/npm/lib/audit.js:143:19)
5 verbose stack     at tryCatcher (/usr/lib/node_modules/npm/node_modules/bluebird/js/release/util.js:16:23)
5 verbose stack     at Promise._settlePromiseFromHandler (/usr/lib/node_modules/npm/node_modules/bluebird/js/release/promise.js:509:35)
5 verbose stack     at Promise._settlePromise (/usr/lib/node_modules/npm/node_modules/bluebird/js/release/promise.js:569:18)
5 verbose stack     at Promise._settlePromise0 (/usr/lib/node_modules/npm/node_modules/bluebird/js/release/promise.js:614:10)
5 verbose stack     at Promise._settlePromises (/usr/lib/node_modules/npm/node_modules/bluebird/js/release/promise.js:693:18)
5 verbose stack     at Promise._fulfill (/usr/lib/node_modules/npm/node_modules/bluebird/js/release/promise.js:638:18)
5 verbose stack     at PromiseArray._resolve (/usr/lib/node_modules/npm/node_modules/bluebird/js/release/promise_array.js:126:19)
5 verbose stack     at PromiseArray._promiseFulfilled (/usr/lib/node_modules/npm/node_modules/bluebird/js/release/promise_array.js:144:14)
5 verbose stack     at PromiseArray._iterate (/usr/lib/node_modules/npm/node_modules/bluebird/js/release/promise_array.js:114:31)
5 verbose stack     at PromiseArray.init [as _init] (/usr/lib/node_modules/npm/node_modules/bluebird/js/release/promise_array.js:78:10)
5 verbose stack     at Promise._settlePromise (/usr/lib/node_modules/npm/node_modules/bluebird/js/release/promise.js:566:21)
5 verbose stack     at Promise._settlePromise0 (/usr/lib/node_modules/npm/node_modules/bluebird/js/release/promise.js:614:10)
5 verbose stack     at Promise._settlePromises (/usr/lib/node_modules/npm/node_modules/bluebird/js/release/promise.js:693:18)
5 verbose stack     at Promise._fulfill (/usr/lib/node_modules/npm/node_modules/bluebird/js/release/promise.js:638:18)
5 verbose stack     at PromiseArray._resolve (/usr/lib/node_modules/npm/node_modules/bluebird/js/release/promise_array.js:126:19)
6 verbose cwd /opt/odoo/VME/VME8.0
7 verbose Linux 3.10.0-957.5.1.el7.x86_64
8 verbose argv "/usr/bin/node" "/bin/npm" "audit" "fix"
9 verbose node v10.15.1
10 verbose npm  v6.4.1
11 error code EAUDITNOPJSON
12 error audit No package.json found: Cannot audit a project without a package.json
13 verbose exit [ 1, true ]
